[2023-11-05T02:08:50.757+0000] {taskinstance.py:1157} INFO - Dependencies all met for dep_context=non-requeueable deps ti=<TaskInstance: spark_airflow_dag.spark_submit_task manual__2023-11-05T02:08:48.110550+00:00 [queued]>
[2023-11-05T02:08:50.770+0000] {taskinstance.py:1157} INFO - Dependencies all met for dep_context=requeueable deps ti=<TaskInstance: spark_airflow_dag.spark_submit_task manual__2023-11-05T02:08:48.110550+00:00 [queued]>
[2023-11-05T02:08:50.771+0000] {taskinstance.py:1359} INFO - Starting attempt 1 of 1
[2023-11-05T02:08:50.786+0000] {taskinstance.py:1380} INFO - Executing <Task(SparkSubmitOperator): spark_submit_task> on 2023-11-05 02:08:48.110550+00:00
[2023-11-05T02:08:50.792+0000] {standard_task_runner.py:57} INFO - Started process 598 to run task
[2023-11-05T02:08:50.794+0000] {standard_task_runner.py:84} INFO - Running: ['airflow', 'tasks', 'run', 'spark_airflow_dag', 'spark_submit_task', 'manual__2023-11-05T02:08:48.110550+00:00', '--job-id', '5', '--raw', '--subdir', 'DAGS_FOLDER/dag.py', '--cfg-path', '/tmp/tmpjrjdhoi8']
[2023-11-05T02:08:50.800+0000] {standard_task_runner.py:85} INFO - Job 5: Subtask spark_submit_task
[2023-11-05T02:08:50.820+0000] {logging_mixin.py:151} WARNING - /home/airflow/.local/lib/python3.9/site-packages/airflow/settings.py:195 DeprecationWarning: The sql_alchemy_conn option in [core] has been moved to the sql_alchemy_conn option in [database] - the old setting has been used, but please update your config.
[2023-11-05T02:08:50.876+0000] {task_command.py:415} INFO - Running <TaskInstance: spark_airflow_dag.spark_submit_task manual__2023-11-05T02:08:48.110550+00:00 [running]> on host dataeng-airflow-scheduler
[2023-11-05T02:08:50.971+0000] {taskinstance.py:1660} INFO - Exporting env vars: AIRFLOW_CTX_DAG_OWNER='dibimbing' AIRFLOW_CTX_DAG_ID='spark_airflow_dag' AIRFLOW_CTX_TASK_ID='spark_submit_task' AIRFLOW_CTX_EXECUTION_DATE='2023-11-05T02:08:48.110550+00:00' AIRFLOW_CTX_TRY_NUMBER='1' AIRFLOW_CTX_DAG_RUN_ID='manual__2023-11-05T02:08:48.110550+00:00'
[2023-11-05T02:08:50.986+0000] {base.py:73} INFO - Using connection ID 'spark_tgs' for task execution.
[2023-11-05T02:08:50.988+0000] {spark_submit.py:340} INFO - Spark-Submit cmd: spark-submit --master spark://dataeng-spark-master:7077 --name arrow-spark /spark-scripts/transform.py
[2023-11-05T02:08:57.065+0000] {spark_submit.py:491} INFO - 23/11/05 02:08:57 INFO SparkContext: Running Spark version 3.3.2
[2023-11-05T02:08:57.200+0000] {spark_submit.py:491} INFO - 23/11/05 02:08:57 WARN NativeCodeLoader: Unable to load native-hadoop library for your platform... using builtin-java classes where applicable
[2023-11-05T02:08:57.390+0000] {spark_submit.py:491} INFO - 23/11/05 02:08:57 INFO ResourceUtils: ==============================================================
[2023-11-05T02:08:57.391+0000] {spark_submit.py:491} INFO - 23/11/05 02:08:57 INFO ResourceUtils: No custom resources configured for spark.driver.
[2023-11-05T02:08:57.392+0000] {spark_submit.py:491} INFO - 23/11/05 02:08:57 INFO ResourceUtils: ==============================================================
[2023-11-05T02:08:57.393+0000] {spark_submit.py:491} INFO - 23/11/05 02:08:57 INFO SparkContext: Submitted application: finalProject
[2023-11-05T02:08:57.450+0000] {spark_submit.py:491} INFO - 23/11/05 02:08:57 INFO ResourceProfile: Default ResourceProfile created, executor resources: Map(cores -> name: cores, amount: 1, script: , vendor: , memory -> name: memory, amount: 1024, script: , vendor: , offHeap -> name: offHeap, amount: 0, script: , vendor: ), task resources: Map(cpus -> name: cpus, amount: 1.0)
[2023-11-05T02:08:57.487+0000] {spark_submit.py:491} INFO - 23/11/05 02:08:57 INFO ResourceProfile: Limiting resource is cpu
[2023-11-05T02:08:57.489+0000] {spark_submit.py:491} INFO - 23/11/05 02:08:57 INFO ResourceProfileManager: Added ResourceProfile id: 0
[2023-11-05T02:08:57.772+0000] {spark_submit.py:491} INFO - 23/11/05 02:08:57 INFO SecurityManager: Changing view acls to: airflow
[2023-11-05T02:08:57.773+0000] {spark_submit.py:491} INFO - 23/11/05 02:08:57 INFO SecurityManager: Changing modify acls to: airflow
[2023-11-05T02:08:57.774+0000] {spark_submit.py:491} INFO - 23/11/05 02:08:57 INFO SecurityManager: Changing view acls groups to:
[2023-11-05T02:08:57.775+0000] {spark_submit.py:491} INFO - 23/11/05 02:08:57 INFO SecurityManager: Changing modify acls groups to:
[2023-11-05T02:08:57.777+0000] {spark_submit.py:491} INFO - 23/11/05 02:08:57 INFO SecurityManager: SecurityManager: authentication disabled; ui acls disabled; users  with view permissions: Set(airflow); groups with view permissions: Set(); users  with modify permissions: Set(airflow); groups with modify permissions: Set()
[2023-11-05T02:08:58.500+0000] {spark_submit.py:491} INFO - 23/11/05 02:08:58 INFO Utils: Successfully started service 'sparkDriver' on port 42285.
[2023-11-05T02:08:58.623+0000] {spark_submit.py:491} INFO - 23/11/05 02:08:58 INFO SparkEnv: Registering MapOutputTracker
[2023-11-05T02:08:58.684+0000] {spark_submit.py:491} INFO - 23/11/05 02:08:58 INFO SparkEnv: Registering BlockManagerMaster
[2023-11-05T02:08:58.722+0000] {spark_submit.py:491} INFO - 23/11/05 02:08:58 INFO BlockManagerMasterEndpoint: Using org.apache.spark.storage.DefaultTopologyMapper for getting topology information
[2023-11-05T02:08:58.723+0000] {spark_submit.py:491} INFO - 23/11/05 02:08:58 INFO BlockManagerMasterEndpoint: BlockManagerMasterEndpoint up
[2023-11-05T02:08:58.730+0000] {spark_submit.py:491} INFO - 23/11/05 02:08:58 INFO SparkEnv: Registering BlockManagerMasterHeartbeat
[2023-11-05T02:08:58.780+0000] {spark_submit.py:491} INFO - 23/11/05 02:08:58 INFO DiskBlockManager: Created local directory at /tmp/blockmgr-2ec04363-739a-4dab-91da-f05b2fb9a1f6
[2023-11-05T02:08:58.805+0000] {spark_submit.py:491} INFO - 23/11/05 02:08:58 INFO MemoryStore: MemoryStore started with capacity 434.4 MiB
[2023-11-05T02:08:58.827+0000] {spark_submit.py:491} INFO - 23/11/05 02:08:58 INFO SparkEnv: Registering OutputCommitCoordinator
[2023-11-05T02:08:59.401+0000] {spark_submit.py:491} INFO - 23/11/05 02:08:59 INFO Utils: Successfully started service 'SparkUI' on port 4040.
[2023-11-05T02:08:59.443+0000] {spark_submit.py:491} INFO - 23/11/05 02:08:59 ERROR SparkContext: Failed to add /jar/postgresql-42.6.0.jar to Spark environment
[2023-11-05T02:08:59.444+0000] {spark_submit.py:491} INFO - java.io.FileNotFoundException: Jar /jar/postgresql-42.6.0.jar not found
[2023-11-05T02:08:59.446+0000] {spark_submit.py:491} INFO - at org.apache.spark.SparkContext.addLocalJarFile$1(SparkContext.scala:1959)
[2023-11-05T02:08:59.447+0000] {spark_submit.py:491} INFO - at org.apache.spark.SparkContext.addJar(SparkContext.scala:2014)
[2023-11-05T02:08:59.448+0000] {spark_submit.py:491} INFO - at org.apache.spark.SparkContext.$anonfun$new$12(SparkContext.scala:507)
[2023-11-05T02:08:59.449+0000] {spark_submit.py:491} INFO - at org.apache.spark.SparkContext.$anonfun$new$12$adapted(SparkContext.scala:507)
[2023-11-05T02:08:59.451+0000] {spark_submit.py:491} INFO - at scala.collection.mutable.ResizableArray.foreach(ResizableArray.scala:62)
[2023-11-05T02:08:59.452+0000] {spark_submit.py:491} INFO - at scala.collection.mutable.ResizableArray.foreach$(ResizableArray.scala:55)
[2023-11-05T02:08:59.453+0000] {spark_submit.py:491} INFO - at scala.collection.mutable.ArrayBuffer.foreach(ArrayBuffer.scala:49)
[2023-11-05T02:08:59.454+0000] {spark_submit.py:491} INFO - at org.apache.spark.SparkContext.<init>(SparkContext.scala:507)
[2023-11-05T02:08:59.455+0000] {spark_submit.py:491} INFO - at org.apache.spark.api.java.JavaSparkContext.<init>(JavaSparkContext.scala:58)
[2023-11-05T02:08:59.456+0000] {spark_submit.py:491} INFO - at java.base/jdk.internal.reflect.NativeConstructorAccessorImpl.newInstance0(Native Method)
[2023-11-05T02:08:59.457+0000] {spark_submit.py:491} INFO - at java.base/jdk.internal.reflect.NativeConstructorAccessorImpl.newInstance(NativeConstructorAccessorImpl.java:62)
[2023-11-05T02:08:59.458+0000] {spark_submit.py:491} INFO - at java.base/jdk.internal.reflect.DelegatingConstructorAccessorImpl.newInstance(DelegatingConstructorAccessorImpl.java:45)
[2023-11-05T02:08:59.459+0000] {spark_submit.py:491} INFO - at java.base/java.lang.reflect.Constructor.newInstance(Constructor.java:490)
[2023-11-05T02:08:59.459+0000] {spark_submit.py:491} INFO - at py4j.reflection.MethodInvoker.invoke(MethodInvoker.java:247)
[2023-11-05T02:08:59.460+0000] {spark_submit.py:491} INFO - at py4j.reflection.ReflectionEngine.invoke(ReflectionEngine.java:357)
[2023-11-05T02:08:59.462+0000] {spark_submit.py:491} INFO - at py4j.Gateway.invoke(Gateway.java:238)
[2023-11-05T02:08:59.463+0000] {spark_submit.py:491} INFO - at py4j.commands.ConstructorCommand.invokeConstructor(ConstructorCommand.java:80)
[2023-11-05T02:08:59.464+0000] {spark_submit.py:491} INFO - at py4j.commands.ConstructorCommand.execute(ConstructorCommand.java:69)
[2023-11-05T02:08:59.465+0000] {spark_submit.py:491} INFO - at py4j.ClientServerConnection.waitForCommands(ClientServerConnection.java:182)
[2023-11-05T02:08:59.467+0000] {spark_submit.py:491} INFO - at py4j.ClientServerConnection.run(ClientServerConnection.java:106)
[2023-11-05T02:08:59.468+0000] {spark_submit.py:491} INFO - at java.base/java.lang.Thread.run(Thread.java:829)
[2023-11-05T02:08:59.598+0000] {spark_submit.py:491} INFO - 23/11/05 02:08:59 INFO Executor: Starting executor ID driver on host dataeng-airflow-scheduler
[2023-11-05T02:08:59.609+0000] {spark_submit.py:491} INFO - 23/11/05 02:08:59 INFO Executor: Starting executor with user classpath (userClassPathFirst = false): ''
[2023-11-05T02:08:59.666+0000] {spark_submit.py:491} INFO - 23/11/05 02:08:59 INFO Utils: Successfully started service 'org.apache.spark.network.netty.NettyBlockTransferService' on port 45811.
[2023-11-05T02:08:59.667+0000] {spark_submit.py:491} INFO - 23/11/05 02:08:59 INFO NettyBlockTransferService: Server created on dataeng-airflow-scheduler:45811
[2023-11-05T02:08:59.670+0000] {spark_submit.py:491} INFO - 23/11/05 02:08:59 INFO BlockManager: Using org.apache.spark.storage.RandomBlockReplicationPolicy for block replication policy
[2023-11-05T02:08:59.696+0000] {spark_submit.py:491} INFO - 23/11/05 02:08:59 INFO BlockManagerMaster: Registering BlockManager BlockManagerId(driver, dataeng-airflow-scheduler, 45811, None)
[2023-11-05T02:08:59.704+0000] {spark_submit.py:491} INFO - 23/11/05 02:08:59 INFO BlockManagerMasterEndpoint: Registering block manager dataeng-airflow-scheduler:45811 with 434.4 MiB RAM, BlockManagerId(driver, dataeng-airflow-scheduler, 45811, None)
[2023-11-05T02:08:59.708+0000] {spark_submit.py:491} INFO - 23/11/05 02:08:59 INFO BlockManagerMaster: Registered BlockManager BlockManagerId(driver, dataeng-airflow-scheduler, 45811, None)
[2023-11-05T02:08:59.710+0000] {spark_submit.py:491} INFO - 23/11/05 02:08:59 INFO BlockManager: Initialized BlockManager: BlockManagerId(driver, dataeng-airflow-scheduler, 45811, None)
[2023-11-05T02:09:03.137+0000] {spark_submit.py:491} INFO - Traceback (most recent call last):
[2023-11-05T02:09:03.141+0000] {spark_submit.py:491} INFO - File "/spark-scripts/transform.py", line 40, in <module>
[2023-11-05T02:09:03.142+0000] {spark_submit.py:491} INFO - expeditions_df = spark.read.jdbc(
[2023-11-05T02:09:03.143+0000] {spark_submit.py:491} INFO - File "/home/airflow/.local/lib/python3.9/site-packages/pyspark/python/lib/pyspark.zip/pyspark/sql/readwriter.py", line 716, in jdbc
[2023-11-05T02:09:03.144+0000] {spark_submit.py:491} INFO - File "/home/airflow/.local/lib/python3.9/site-packages/pyspark/python/lib/py4j-0.10.9.5-src.zip/py4j/java_gateway.py", line 1321, in __call__
[2023-11-05T02:09:03.145+0000] {spark_submit.py:491} INFO - File "/home/airflow/.local/lib/python3.9/site-packages/pyspark/python/lib/pyspark.zip/pyspark/sql/utils.py", line 190, in deco
[2023-11-05T02:09:03.146+0000] {spark_submit.py:491} INFO - File "/home/airflow/.local/lib/python3.9/site-packages/pyspark/python/lib/py4j-0.10.9.5-src.zip/py4j/protocol.py", line 326, in get_return_value
[2023-11-05T02:09:03.147+0000] {spark_submit.py:491} INFO - py4j.protocol.Py4JJavaError: An error occurred while calling o27.jdbc.
[2023-11-05T02:09:03.148+0000] {spark_submit.py:491} INFO - : java.lang.ClassNotFoundException: org.postgresql.Driver
[2023-11-05T02:09:03.150+0000] {spark_submit.py:491} INFO - at java.base/java.net.URLClassLoader.findClass(URLClassLoader.java:476)
[2023-11-05T02:09:03.151+0000] {spark_submit.py:491} INFO - at java.base/java.lang.ClassLoader.loadClass(ClassLoader.java:594)
[2023-11-05T02:09:03.154+0000] {spark_submit.py:491} INFO - at java.base/java.lang.ClassLoader.loadClass(ClassLoader.java:527)
[2023-11-05T02:09:03.156+0000] {spark_submit.py:491} INFO - at org.apache.spark.sql.execution.datasources.jdbc.DriverRegistry$.register(DriverRegistry.scala:46)
[2023-11-05T02:09:03.158+0000] {spark_submit.py:491} INFO - at org.apache.spark.sql.execution.datasources.jdbc.JDBCOptions.$anonfun$driverClass$1(JDBCOptions.scala:101)
[2023-11-05T02:09:03.162+0000] {spark_submit.py:491} INFO - at org.apache.spark.sql.execution.datasources.jdbc.JDBCOptions.$anonfun$driverClass$1$adapted(JDBCOptions.scala:101)
[2023-11-05T02:09:03.163+0000] {spark_submit.py:491} INFO - at scala.Option.foreach(Option.scala:407)
[2023-11-05T02:09:03.165+0000] {spark_submit.py:491} INFO - at org.apache.spark.sql.execution.datasources.jdbc.JDBCOptions.<init>(JDBCOptions.scala:101)
[2023-11-05T02:09:03.166+0000] {spark_submit.py:491} INFO - at org.apache.spark.sql.execution.datasources.jdbc.JDBCOptions.<init>(JDBCOptions.scala:39)
[2023-11-05T02:09:03.168+0000] {spark_submit.py:491} INFO - at org.apache.spark.sql.execution.datasources.jdbc.JdbcRelationProvider.createRelation(JdbcRelationProvider.scala:34)
[2023-11-05T02:09:03.169+0000] {spark_submit.py:491} INFO - at org.apache.spark.sql.execution.datasources.DataSource.resolveRelation(DataSource.scala:350)
[2023-11-05T02:09:03.169+0000] {spark_submit.py:491} INFO - at org.apache.spark.sql.DataFrameReader.loadV1Source(DataFrameReader.scala:228)
[2023-11-05T02:09:03.170+0000] {spark_submit.py:491} INFO - at org.apache.spark.sql.DataFrameReader.$anonfun$load$2(DataFrameReader.scala:210)
[2023-11-05T02:09:03.171+0000] {spark_submit.py:491} INFO - at scala.Option.getOrElse(Option.scala:189)
[2023-11-05T02:09:03.171+0000] {spark_submit.py:491} INFO - at org.apache.spark.sql.DataFrameReader.load(DataFrameReader.scala:210)
[2023-11-05T02:09:03.172+0000] {spark_submit.py:491} INFO - at org.apache.spark.sql.DataFrameReader.load(DataFrameReader.scala:171)
[2023-11-05T02:09:03.173+0000] {spark_submit.py:491} INFO - at org.apache.spark.sql.DataFrameReader.jdbc(DataFrameReader.scala:248)
[2023-11-05T02:09:03.174+0000] {spark_submit.py:491} INFO - at java.base/jdk.internal.reflect.NativeMethodAccessorImpl.invoke0(Native Method)
[2023-11-05T02:09:03.175+0000] {spark_submit.py:491} INFO - at java.base/jdk.internal.reflect.NativeMethodAccessorImpl.invoke(NativeMethodAccessorImpl.java:62)
[2023-11-05T02:09:03.176+0000] {spark_submit.py:491} INFO - at java.base/jdk.internal.reflect.DelegatingMethodAccessorImpl.invoke(DelegatingMethodAccessorImpl.java:43)
[2023-11-05T02:09:03.177+0000] {spark_submit.py:491} INFO - at java.base/java.lang.reflect.Method.invoke(Method.java:566)
[2023-11-05T02:09:03.179+0000] {spark_submit.py:491} INFO - at py4j.reflection.MethodInvoker.invoke(MethodInvoker.java:244)
[2023-11-05T02:09:03.180+0000] {spark_submit.py:491} INFO - at py4j.reflection.ReflectionEngine.invoke(ReflectionEngine.java:357)
[2023-11-05T02:09:03.181+0000] {spark_submit.py:491} INFO - at py4j.Gateway.invoke(Gateway.java:282)
[2023-11-05T02:09:03.182+0000] {spark_submit.py:491} INFO - at py4j.commands.AbstractCommand.invokeMethod(AbstractCommand.java:132)
[2023-11-05T02:09:03.183+0000] {spark_submit.py:491} INFO - at py4j.commands.CallCommand.execute(CallCommand.java:79)
[2023-11-05T02:09:03.183+0000] {spark_submit.py:491} INFO - at py4j.ClientServerConnection.waitForCommands(ClientServerConnection.java:182)
[2023-11-05T02:09:03.184+0000] {spark_submit.py:491} INFO - at py4j.ClientServerConnection.run(ClientServerConnection.java:106)
[2023-11-05T02:09:03.185+0000] {spark_submit.py:491} INFO - at java.base/java.lang.Thread.run(Thread.java:829)
[2023-11-05T02:09:03.186+0000] {spark_submit.py:491} INFO - 
[2023-11-05T02:09:03.527+0000] {taskinstance.py:1935} ERROR - Task failed with exception
Traceback (most recent call last):
  File "/home/airflow/.local/lib/python3.9/site-packages/airflow/providers/apache/spark/operators/spark_submit.py", line 156, in execute
    self._hook.submit(self._application)
  File "/home/airflow/.local/lib/python3.9/site-packages/airflow/providers/apache/spark/hooks/spark_submit.py", line 422, in submit
    raise AirflowException(
airflow.exceptions.AirflowException: Cannot execute: spark-submit --master spark://dataeng-spark-master:7077 --name arrow-spark /spark-scripts/transform.py. Error code is: 1.
[2023-11-05T02:09:03.533+0000] {taskinstance.py:1398} INFO - Marking task as FAILED. dag_id=spark_airflow_dag, task_id=spark_submit_task, execution_date=20231105T020848, start_date=20231105T020850, end_date=20231105T020903
[2023-11-05T02:09:03.554+0000] {standard_task_runner.py:104} ERROR - Failed to execute job 5 for task spark_submit_task (Cannot execute: spark-submit --master spark://dataeng-spark-master:7077 --name arrow-spark /spark-scripts/transform.py. Error code is: 1.; 598)
[2023-11-05T02:09:03.597+0000] {local_task_job_runner.py:228} INFO - Task exited with return code 1
[2023-11-05T02:09:03.615+0000] {taskinstance.py:2776} INFO - 0 downstream tasks scheduled from follow-on schedule check
