[2023-11-04T15:02:47.875+0000] {processor.py:157} INFO - Started process (PID=164) to work on /opt/airflow/dags/dag.py
[2023-11-04T15:02:47.878+0000] {processor.py:829} INFO - Processing file /opt/airflow/dags/dag.py for tasks to queue
[2023-11-04T15:02:47.884+0000] {logging_mixin.py:151} INFO - [2023-11-04T15:02:47.882+0000] {dagbag.py:539} INFO - Filling up the DagBag from /opt/airflow/dags/dag.py
[2023-11-04T15:02:47.977+0000] {processor.py:839} INFO - DAG(s) dict_keys(['spark_airflow_dag']) retrieved from /opt/airflow/dags/dag.py
[2023-11-04T15:02:48.512+0000] {logging_mixin.py:151} INFO - [2023-11-04T15:02:48.511+0000] {manager.py:499} INFO - Created Permission View: %s
[2023-11-04T15:02:48.556+0000] {logging_mixin.py:151} INFO - [2023-11-04T15:02:48.556+0000] {manager.py:499} INFO - Created Permission View: %s
[2023-11-04T15:02:48.588+0000] {logging_mixin.py:151} INFO - [2023-11-04T15:02:48.587+0000] {manager.py:499} INFO - Created Permission View: %s
[2023-11-04T15:02:48.591+0000] {logging_mixin.py:151} INFO - [2023-11-04T15:02:48.590+0000] {security.py:708} INFO - Not syncing DAG-level permissions for DAG 'DAG:spark_airflow_dag' as access control is unset.
[2023-11-04T15:02:48.597+0000] {logging_mixin.py:151} INFO - [2023-11-04T15:02:48.592+0000] {dag.py:2915} INFO - Sync 1 DAGs
[2023-11-04T15:02:48.628+0000] {logging_mixin.py:151} INFO - [2023-11-04T15:02:48.628+0000] {dag.py:2937} INFO - Creating ORM DAG for spark_airflow_dag
[2023-11-04T15:02:48.631+0000] {logging_mixin.py:151} INFO - [2023-11-04T15:02:48.631+0000] {dag.py:3696} INFO - Setting next_dagrun for spark_airflow_dag to None, run_after=None
[2023-11-04T15:02:48.673+0000] {processor.py:179} INFO - Processing /opt/airflow/dags/dag.py took 0.805 seconds
[2023-11-04T15:03:19.113+0000] {processor.py:157} INFO - Started process (PID=169) to work on /opt/airflow/dags/dag.py
[2023-11-04T15:03:19.117+0000] {processor.py:829} INFO - Processing file /opt/airflow/dags/dag.py for tasks to queue
[2023-11-04T15:03:19.122+0000] {logging_mixin.py:151} INFO - [2023-11-04T15:03:19.121+0000] {dagbag.py:539} INFO - Filling up the DagBag from /opt/airflow/dags/dag.py
[2023-11-04T15:03:19.172+0000] {processor.py:839} INFO - DAG(s) dict_keys(['spark_airflow_dag']) retrieved from /opt/airflow/dags/dag.py
[2023-11-04T15:03:19.215+0000] {logging_mixin.py:151} INFO - [2023-11-04T15:03:19.214+0000] {dag.py:2915} INFO - Sync 1 DAGs
[2023-11-04T15:03:19.251+0000] {logging_mixin.py:151} INFO - [2023-11-04T15:03:19.251+0000] {dag.py:3696} INFO - Setting next_dagrun for spark_airflow_dag to None, run_after=None
[2023-11-04T15:03:19.283+0000] {processor.py:179} INFO - Processing /opt/airflow/dags/dag.py took 0.176 seconds
[2023-11-04T15:03:49.623+0000] {processor.py:157} INFO - Started process (PID=174) to work on /opt/airflow/dags/dag.py
[2023-11-04T15:03:49.633+0000] {processor.py:829} INFO - Processing file /opt/airflow/dags/dag.py for tasks to queue
[2023-11-04T15:03:49.685+0000] {logging_mixin.py:151} INFO - [2023-11-04T15:03:49.683+0000] {dagbag.py:539} INFO - Filling up the DagBag from /opt/airflow/dags/dag.py
[2023-11-04T15:03:49.819+0000] {processor.py:839} INFO - DAG(s) dict_keys(['spark_airflow_dag']) retrieved from /opt/airflow/dags/dag.py
[2023-11-04T15:03:49.971+0000] {logging_mixin.py:151} INFO - [2023-11-04T15:03:49.970+0000] {dag.py:2915} INFO - Sync 1 DAGs
[2023-11-04T15:03:50.209+0000] {logging_mixin.py:151} INFO - [2023-11-04T15:03:50.208+0000] {dag.py:3696} INFO - Setting next_dagrun for spark_airflow_dag to None, run_after=None
[2023-11-04T15:03:50.365+0000] {processor.py:179} INFO - Processing /opt/airflow/dags/dag.py took 0.830 seconds
[2023-11-04T15:04:20.815+0000] {processor.py:157} INFO - Started process (PID=179) to work on /opt/airflow/dags/dag.py
[2023-11-04T15:04:20.827+0000] {processor.py:829} INFO - Processing file /opt/airflow/dags/dag.py for tasks to queue
[2023-11-04T15:04:20.832+0000] {logging_mixin.py:151} INFO - [2023-11-04T15:04:20.832+0000] {dagbag.py:539} INFO - Filling up the DagBag from /opt/airflow/dags/dag.py
[2023-11-04T15:04:20.894+0000] {processor.py:839} INFO - DAG(s) dict_keys(['spark_airflow_dag']) retrieved from /opt/airflow/dags/dag.py
[2023-11-04T15:04:21.054+0000] {logging_mixin.py:151} INFO - [2023-11-04T15:04:21.045+0000] {dag.py:2915} INFO - Sync 1 DAGs
[2023-11-04T15:04:21.164+0000] {logging_mixin.py:151} INFO - [2023-11-04T15:04:21.164+0000] {dag.py:3696} INFO - Setting next_dagrun for spark_airflow_dag to None, run_after=None
[2023-11-04T15:04:21.224+0000] {processor.py:179} INFO - Processing /opt/airflow/dags/dag.py took 0.432 seconds
[2023-11-04T15:04:51.304+0000] {processor.py:157} INFO - Started process (PID=184) to work on /opt/airflow/dags/dag.py
[2023-11-04T15:04:51.306+0000] {processor.py:829} INFO - Processing file /opt/airflow/dags/dag.py for tasks to queue
[2023-11-04T15:04:51.312+0000] {logging_mixin.py:151} INFO - [2023-11-04T15:04:51.311+0000] {dagbag.py:539} INFO - Filling up the DagBag from /opt/airflow/dags/dag.py
[2023-11-04T15:04:51.365+0000] {processor.py:839} INFO - DAG(s) dict_keys(['spark_airflow_dag']) retrieved from /opt/airflow/dags/dag.py
[2023-11-04T15:04:51.438+0000] {logging_mixin.py:151} INFO - [2023-11-04T15:04:51.437+0000] {dag.py:2915} INFO - Sync 1 DAGs
[2023-11-04T15:04:51.467+0000] {logging_mixin.py:151} INFO - [2023-11-04T15:04:51.467+0000] {dag.py:3696} INFO - Setting next_dagrun for spark_airflow_dag to None, run_after=None
[2023-11-04T15:04:51.507+0000] {processor.py:179} INFO - Processing /opt/airflow/dags/dag.py took 0.207 seconds
[2023-11-04T15:05:21.650+0000] {processor.py:157} INFO - Started process (PID=189) to work on /opt/airflow/dags/dag.py
[2023-11-04T15:05:21.652+0000] {processor.py:829} INFO - Processing file /opt/airflow/dags/dag.py for tasks to queue
[2023-11-04T15:05:21.657+0000] {logging_mixin.py:151} INFO - [2023-11-04T15:05:21.657+0000] {dagbag.py:539} INFO - Filling up the DagBag from /opt/airflow/dags/dag.py
[2023-11-04T15:05:21.714+0000] {processor.py:839} INFO - DAG(s) dict_keys(['spark_airflow_dag']) retrieved from /opt/airflow/dags/dag.py
[2023-11-04T15:05:21.761+0000] {logging_mixin.py:151} INFO - [2023-11-04T15:05:21.760+0000] {dag.py:2915} INFO - Sync 1 DAGs
[2023-11-04T15:05:21.782+0000] {logging_mixin.py:151} INFO - [2023-11-04T15:05:21.782+0000] {dag.py:3696} INFO - Setting next_dagrun for spark_airflow_dag to None, run_after=None
[2023-11-04T15:05:21.808+0000] {processor.py:179} INFO - Processing /opt/airflow/dags/dag.py took 0.166 seconds
[2023-11-04T15:05:52.002+0000] {processor.py:157} INFO - Started process (PID=194) to work on /opt/airflow/dags/dag.py
[2023-11-04T15:05:52.004+0000] {processor.py:829} INFO - Processing file /opt/airflow/dags/dag.py for tasks to queue
[2023-11-04T15:05:52.008+0000] {logging_mixin.py:151} INFO - [2023-11-04T15:05:52.007+0000] {dagbag.py:539} INFO - Filling up the DagBag from /opt/airflow/dags/dag.py
[2023-11-04T15:05:52.068+0000] {processor.py:839} INFO - DAG(s) dict_keys(['spark_airflow_dag']) retrieved from /opt/airflow/dags/dag.py
[2023-11-04T15:05:52.102+0000] {logging_mixin.py:151} INFO - [2023-11-04T15:05:52.101+0000] {dag.py:2915} INFO - Sync 1 DAGs
[2023-11-04T15:05:52.184+0000] {logging_mixin.py:151} INFO - [2023-11-04T15:05:52.183+0000] {dag.py:3696} INFO - Setting next_dagrun for spark_airflow_dag to None, run_after=None
[2023-11-04T15:05:52.251+0000] {processor.py:179} INFO - Processing /opt/airflow/dags/dag.py took 0.252 seconds
[2023-11-04T15:06:22.514+0000] {processor.py:157} INFO - Started process (PID=199) to work on /opt/airflow/dags/dag.py
[2023-11-04T15:06:22.516+0000] {processor.py:829} INFO - Processing file /opt/airflow/dags/dag.py for tasks to queue
[2023-11-04T15:06:22.545+0000] {logging_mixin.py:151} INFO - [2023-11-04T15:06:22.544+0000] {dagbag.py:539} INFO - Filling up the DagBag from /opt/airflow/dags/dag.py
[2023-11-04T15:06:22.595+0000] {processor.py:839} INFO - DAG(s) dict_keys(['spark_airflow_dag']) retrieved from /opt/airflow/dags/dag.py
[2023-11-04T15:06:22.686+0000] {logging_mixin.py:151} INFO - [2023-11-04T15:06:22.685+0000] {dag.py:2915} INFO - Sync 1 DAGs
[2023-11-04T15:06:22.726+0000] {logging_mixin.py:151} INFO - [2023-11-04T15:06:22.726+0000] {dag.py:3696} INFO - Setting next_dagrun for spark_airflow_dag to None, run_after=None
[2023-11-04T15:06:22.755+0000] {processor.py:179} INFO - Processing /opt/airflow/dags/dag.py took 0.249 seconds
[2023-11-04T15:06:53.026+0000] {processor.py:157} INFO - Started process (PID=204) to work on /opt/airflow/dags/dag.py
[2023-11-04T15:06:53.029+0000] {processor.py:829} INFO - Processing file /opt/airflow/dags/dag.py for tasks to queue
[2023-11-04T15:06:53.033+0000] {logging_mixin.py:151} INFO - [2023-11-04T15:06:53.033+0000] {dagbag.py:539} INFO - Filling up the DagBag from /opt/airflow/dags/dag.py
[2023-11-04T15:06:53.093+0000] {processor.py:839} INFO - DAG(s) dict_keys(['spark_airflow_dag']) retrieved from /opt/airflow/dags/dag.py
[2023-11-04T15:06:53.136+0000] {logging_mixin.py:151} INFO - [2023-11-04T15:06:53.134+0000] {dag.py:2915} INFO - Sync 1 DAGs
[2023-11-04T15:06:53.162+0000] {logging_mixin.py:151} INFO - [2023-11-04T15:06:53.161+0000] {dag.py:3696} INFO - Setting next_dagrun for spark_airflow_dag to None, run_after=None
[2023-11-04T15:06:53.234+0000] {processor.py:179} INFO - Processing /opt/airflow/dags/dag.py took 0.221 seconds
[2023-11-04T15:07:23.505+0000] {processor.py:157} INFO - Started process (PID=209) to work on /opt/airflow/dags/dag.py
[2023-11-04T15:07:23.521+0000] {processor.py:829} INFO - Processing file /opt/airflow/dags/dag.py for tasks to queue
[2023-11-04T15:07:23.530+0000] {logging_mixin.py:151} INFO - [2023-11-04T15:07:23.530+0000] {dagbag.py:539} INFO - Filling up the DagBag from /opt/airflow/dags/dag.py
[2023-11-04T15:07:23.625+0000] {processor.py:839} INFO - DAG(s) dict_keys(['spark_airflow_dag']) retrieved from /opt/airflow/dags/dag.py
[2023-11-04T15:07:23.686+0000] {logging_mixin.py:151} INFO - [2023-11-04T15:07:23.685+0000] {dag.py:2915} INFO - Sync 1 DAGs
[2023-11-04T15:07:23.714+0000] {logging_mixin.py:151} INFO - [2023-11-04T15:07:23.714+0000] {dag.py:3696} INFO - Setting next_dagrun for spark_airflow_dag to None, run_after=None
[2023-11-04T15:07:23.751+0000] {processor.py:179} INFO - Processing /opt/airflow/dags/dag.py took 0.261 seconds
[2023-11-04T15:07:54.170+0000] {processor.py:157} INFO - Started process (PID=214) to work on /opt/airflow/dags/dag.py
[2023-11-04T15:07:54.172+0000] {processor.py:829} INFO - Processing file /opt/airflow/dags/dag.py for tasks to queue
[2023-11-04T15:07:54.176+0000] {logging_mixin.py:151} INFO - [2023-11-04T15:07:54.175+0000] {dagbag.py:539} INFO - Filling up the DagBag from /opt/airflow/dags/dag.py
[2023-11-04T15:07:54.231+0000] {processor.py:839} INFO - DAG(s) dict_keys(['spark_airflow_dag']) retrieved from /opt/airflow/dags/dag.py
[2023-11-04T15:07:54.371+0000] {logging_mixin.py:151} INFO - [2023-11-04T15:07:54.371+0000] {dag.py:2915} INFO - Sync 1 DAGs
[2023-11-04T15:07:54.420+0000] {logging_mixin.py:151} INFO - [2023-11-04T15:07:54.420+0000] {dag.py:3696} INFO - Setting next_dagrun for spark_airflow_dag to None, run_after=None
[2023-11-04T15:07:54.477+0000] {processor.py:179} INFO - Processing /opt/airflow/dags/dag.py took 0.318 seconds
[2023-11-04T15:08:24.907+0000] {processor.py:157} INFO - Started process (PID=219) to work on /opt/airflow/dags/dag.py
[2023-11-04T15:08:24.910+0000] {processor.py:829} INFO - Processing file /opt/airflow/dags/dag.py for tasks to queue
[2023-11-04T15:08:24.916+0000] {logging_mixin.py:151} INFO - [2023-11-04T15:08:24.915+0000] {dagbag.py:539} INFO - Filling up the DagBag from /opt/airflow/dags/dag.py
[2023-11-04T15:08:24.986+0000] {processor.py:839} INFO - DAG(s) dict_keys(['spark_airflow_dag']) retrieved from /opt/airflow/dags/dag.py
[2023-11-04T15:08:25.092+0000] {logging_mixin.py:151} INFO - [2023-11-04T15:08:25.090+0000] {dag.py:2915} INFO - Sync 1 DAGs
[2023-11-04T15:08:25.294+0000] {logging_mixin.py:151} INFO - [2023-11-04T15:08:25.293+0000] {dag.py:3696} INFO - Setting next_dagrun for spark_airflow_dag to None, run_after=None
[2023-11-04T15:08:25.463+0000] {processor.py:179} INFO - Processing /opt/airflow/dags/dag.py took 0.566 seconds
[2023-11-04T15:08:55.914+0000] {processor.py:157} INFO - Started process (PID=224) to work on /opt/airflow/dags/dag.py
[2023-11-04T15:08:55.918+0000] {processor.py:829} INFO - Processing file /opt/airflow/dags/dag.py for tasks to queue
[2023-11-04T15:08:55.926+0000] {logging_mixin.py:151} INFO - [2023-11-04T15:08:55.925+0000] {dagbag.py:539} INFO - Filling up the DagBag from /opt/airflow/dags/dag.py
[2023-11-04T15:08:56.038+0000] {processor.py:839} INFO - DAG(s) dict_keys(['spark_airflow_dag']) retrieved from /opt/airflow/dags/dag.py
[2023-11-04T15:08:56.124+0000] {logging_mixin.py:151} INFO - [2023-11-04T15:08:56.122+0000] {dag.py:2915} INFO - Sync 1 DAGs
[2023-11-04T15:08:56.160+0000] {logging_mixin.py:151} INFO - [2023-11-04T15:08:56.159+0000] {dag.py:3696} INFO - Setting next_dagrun for spark_airflow_dag to None, run_after=None
[2023-11-04T15:08:56.210+0000] {processor.py:179} INFO - Processing /opt/airflow/dags/dag.py took 0.307 seconds
[2023-11-04T15:09:26.344+0000] {processor.py:157} INFO - Started process (PID=229) to work on /opt/airflow/dags/dag.py
[2023-11-04T15:09:26.346+0000] {processor.py:829} INFO - Processing file /opt/airflow/dags/dag.py for tasks to queue
[2023-11-04T15:09:26.350+0000] {logging_mixin.py:151} INFO - [2023-11-04T15:09:26.350+0000] {dagbag.py:539} INFO - Filling up the DagBag from /opt/airflow/dags/dag.py
[2023-11-04T15:09:26.437+0000] {processor.py:839} INFO - DAG(s) dict_keys(['spark_airflow_dag']) retrieved from /opt/airflow/dags/dag.py
[2023-11-04T15:09:26.493+0000] {logging_mixin.py:151} INFO - [2023-11-04T15:09:26.492+0000] {dag.py:2915} INFO - Sync 1 DAGs
[2023-11-04T15:09:26.511+0000] {logging_mixin.py:151} INFO - [2023-11-04T15:09:26.510+0000] {dag.py:3696} INFO - Setting next_dagrun for spark_airflow_dag to None, run_after=None
[2023-11-04T15:09:26.541+0000] {processor.py:179} INFO - Processing /opt/airflow/dags/dag.py took 0.208 seconds
[2023-11-04T15:09:56.720+0000] {processor.py:157} INFO - Started process (PID=234) to work on /opt/airflow/dags/dag.py
[2023-11-04T15:09:56.722+0000] {processor.py:829} INFO - Processing file /opt/airflow/dags/dag.py for tasks to queue
[2023-11-04T15:09:56.727+0000] {logging_mixin.py:151} INFO - [2023-11-04T15:09:56.727+0000] {dagbag.py:539} INFO - Filling up the DagBag from /opt/airflow/dags/dag.py
[2023-11-04T15:09:56.785+0000] {processor.py:839} INFO - DAG(s) dict_keys(['spark_airflow_dag']) retrieved from /opt/airflow/dags/dag.py
[2023-11-04T15:09:56.821+0000] {logging_mixin.py:151} INFO - [2023-11-04T15:09:56.820+0000] {dag.py:2915} INFO - Sync 1 DAGs
[2023-11-04T15:09:56.848+0000] {logging_mixin.py:151} INFO - [2023-11-04T15:09:56.848+0000] {dag.py:3696} INFO - Setting next_dagrun for spark_airflow_dag to None, run_after=None
[2023-11-04T15:09:56.874+0000] {processor.py:179} INFO - Processing /opt/airflow/dags/dag.py took 0.160 seconds
[2023-11-04T15:10:27.108+0000] {processor.py:157} INFO - Started process (PID=239) to work on /opt/airflow/dags/dag.py
[2023-11-04T15:10:27.110+0000] {processor.py:829} INFO - Processing file /opt/airflow/dags/dag.py for tasks to queue
[2023-11-04T15:10:27.113+0000] {logging_mixin.py:151} INFO - [2023-11-04T15:10:27.113+0000] {dagbag.py:539} INFO - Filling up the DagBag from /opt/airflow/dags/dag.py
[2023-11-04T15:10:27.172+0000] {processor.py:839} INFO - DAG(s) dict_keys(['spark_airflow_dag']) retrieved from /opt/airflow/dags/dag.py
[2023-11-04T15:10:27.213+0000] {logging_mixin.py:151} INFO - [2023-11-04T15:10:27.212+0000] {dag.py:2915} INFO - Sync 1 DAGs
[2023-11-04T15:10:27.236+0000] {logging_mixin.py:151} INFO - [2023-11-04T15:10:27.235+0000] {dag.py:3696} INFO - Setting next_dagrun for spark_airflow_dag to None, run_after=None
[2023-11-04T15:10:27.297+0000] {processor.py:179} INFO - Processing /opt/airflow/dags/dag.py took 0.195 seconds
[2023-11-04T15:10:57.688+0000] {processor.py:157} INFO - Started process (PID=244) to work on /opt/airflow/dags/dag.py
[2023-11-04T15:10:57.691+0000] {processor.py:829} INFO - Processing file /opt/airflow/dags/dag.py for tasks to queue
[2023-11-04T15:10:57.696+0000] {logging_mixin.py:151} INFO - [2023-11-04T15:10:57.695+0000] {dagbag.py:539} INFO - Filling up the DagBag from /opt/airflow/dags/dag.py
[2023-11-04T15:10:57.765+0000] {processor.py:839} INFO - DAG(s) dict_keys(['spark_airflow_dag']) retrieved from /opt/airflow/dags/dag.py
[2023-11-04T15:10:57.816+0000] {logging_mixin.py:151} INFO - [2023-11-04T15:10:57.815+0000] {dag.py:2915} INFO - Sync 1 DAGs
[2023-11-04T15:10:57.848+0000] {logging_mixin.py:151} INFO - [2023-11-04T15:10:57.848+0000] {dag.py:3696} INFO - Setting next_dagrun for spark_airflow_dag to None, run_after=None
[2023-11-04T15:10:57.924+0000] {processor.py:179} INFO - Processing /opt/airflow/dags/dag.py took 0.241 seconds
[2023-11-04T15:11:28.084+0000] {processor.py:157} INFO - Started process (PID=249) to work on /opt/airflow/dags/dag.py
[2023-11-04T15:11:28.086+0000] {processor.py:829} INFO - Processing file /opt/airflow/dags/dag.py for tasks to queue
[2023-11-04T15:11:28.091+0000] {logging_mixin.py:151} INFO - [2023-11-04T15:11:28.091+0000] {dagbag.py:539} INFO - Filling up the DagBag from /opt/airflow/dags/dag.py
[2023-11-04T15:11:28.151+0000] {processor.py:839} INFO - DAG(s) dict_keys(['spark_airflow_dag']) retrieved from /opt/airflow/dags/dag.py
[2023-11-04T15:11:28.198+0000] {logging_mixin.py:151} INFO - [2023-11-04T15:11:28.197+0000] {dag.py:2915} INFO - Sync 1 DAGs
[2023-11-04T15:11:28.221+0000] {logging_mixin.py:151} INFO - [2023-11-04T15:11:28.220+0000] {dag.py:3696} INFO - Setting next_dagrun for spark_airflow_dag to None, run_after=None
[2023-11-04T15:11:28.252+0000] {processor.py:179} INFO - Processing /opt/airflow/dags/dag.py took 0.181 seconds
[2023-11-04T15:11:58.445+0000] {processor.py:157} INFO - Started process (PID=254) to work on /opt/airflow/dags/dag.py
[2023-11-04T15:11:58.447+0000] {processor.py:829} INFO - Processing file /opt/airflow/dags/dag.py for tasks to queue
[2023-11-04T15:11:58.452+0000] {logging_mixin.py:151} INFO - [2023-11-04T15:11:58.451+0000] {dagbag.py:539} INFO - Filling up the DagBag from /opt/airflow/dags/dag.py
[2023-11-04T15:11:58.514+0000] {processor.py:839} INFO - DAG(s) dict_keys(['spark_airflow_dag']) retrieved from /opt/airflow/dags/dag.py
[2023-11-04T15:11:58.566+0000] {logging_mixin.py:151} INFO - [2023-11-04T15:11:58.565+0000] {dag.py:2915} INFO - Sync 1 DAGs
[2023-11-04T15:11:58.590+0000] {logging_mixin.py:151} INFO - [2023-11-04T15:11:58.590+0000] {dag.py:3696} INFO - Setting next_dagrun for spark_airflow_dag to None, run_after=None
[2023-11-04T15:11:58.626+0000] {processor.py:179} INFO - Processing /opt/airflow/dags/dag.py took 0.187 seconds
[2023-11-04T15:12:29.045+0000] {processor.py:157} INFO - Started process (PID=259) to work on /opt/airflow/dags/dag.py
[2023-11-04T15:12:29.047+0000] {processor.py:829} INFO - Processing file /opt/airflow/dags/dag.py for tasks to queue
[2023-11-04T15:12:29.050+0000] {logging_mixin.py:151} INFO - [2023-11-04T15:12:29.050+0000] {dagbag.py:539} INFO - Filling up the DagBag from /opt/airflow/dags/dag.py
[2023-11-04T15:12:29.097+0000] {processor.py:839} INFO - DAG(s) dict_keys(['spark_airflow_dag']) retrieved from /opt/airflow/dags/dag.py
[2023-11-04T15:12:29.126+0000] {logging_mixin.py:151} INFO - [2023-11-04T15:12:29.125+0000] {dag.py:2915} INFO - Sync 1 DAGs
[2023-11-04T15:12:29.192+0000] {logging_mixin.py:151} INFO - [2023-11-04T15:12:29.191+0000] {dag.py:3696} INFO - Setting next_dagrun for spark_airflow_dag to None, run_after=None
[2023-11-04T15:12:29.290+0000] {processor.py:179} INFO - Processing /opt/airflow/dags/dag.py took 0.251 seconds
[2023-11-04T15:12:59.528+0000] {processor.py:157} INFO - Started process (PID=264) to work on /opt/airflow/dags/dag.py
[2023-11-04T15:12:59.530+0000] {processor.py:829} INFO - Processing file /opt/airflow/dags/dag.py for tasks to queue
[2023-11-04T15:12:59.547+0000] {logging_mixin.py:151} INFO - [2023-11-04T15:12:59.546+0000] {dagbag.py:539} INFO - Filling up the DagBag from /opt/airflow/dags/dag.py
[2023-11-04T15:12:59.617+0000] {processor.py:839} INFO - DAG(s) dict_keys(['spark_airflow_dag']) retrieved from /opt/airflow/dags/dag.py
[2023-11-04T15:12:59.682+0000] {logging_mixin.py:151} INFO - [2023-11-04T15:12:59.681+0000] {dag.py:2915} INFO - Sync 1 DAGs
[2023-11-04T15:12:59.706+0000] {logging_mixin.py:151} INFO - [2023-11-04T15:12:59.706+0000] {dag.py:3696} INFO - Setting next_dagrun for spark_airflow_dag to None, run_after=None
[2023-11-04T15:12:59.743+0000] {processor.py:179} INFO - Processing /opt/airflow/dags/dag.py took 0.219 seconds
[2023-11-04T15:13:30.097+0000] {processor.py:157} INFO - Started process (PID=269) to work on /opt/airflow/dags/dag.py
[2023-11-04T15:13:30.100+0000] {processor.py:829} INFO - Processing file /opt/airflow/dags/dag.py for tasks to queue
[2023-11-04T15:13:30.104+0000] {logging_mixin.py:151} INFO - [2023-11-04T15:13:30.104+0000] {dagbag.py:539} INFO - Filling up the DagBag from /opt/airflow/dags/dag.py
[2023-11-04T15:13:30.191+0000] {processor.py:839} INFO - DAG(s) dict_keys(['spark_airflow_dag']) retrieved from /opt/airflow/dags/dag.py
[2023-11-04T15:13:30.244+0000] {logging_mixin.py:151} INFO - [2023-11-04T15:13:30.243+0000] {dag.py:2915} INFO - Sync 1 DAGs
[2023-11-04T15:13:30.264+0000] {logging_mixin.py:151} INFO - [2023-11-04T15:13:30.264+0000] {dag.py:3696} INFO - Setting next_dagrun for spark_airflow_dag to None, run_after=None
[2023-11-04T15:13:30.344+0000] {processor.py:179} INFO - Processing /opt/airflow/dags/dag.py took 0.252 seconds
[2023-11-04T15:14:00.565+0000] {processor.py:157} INFO - Started process (PID=274) to work on /opt/airflow/dags/dag.py
[2023-11-04T15:14:00.570+0000] {processor.py:829} INFO - Processing file /opt/airflow/dags/dag.py for tasks to queue
[2023-11-04T15:14:00.573+0000] {logging_mixin.py:151} INFO - [2023-11-04T15:14:00.573+0000] {dagbag.py:539} INFO - Filling up the DagBag from /opt/airflow/dags/dag.py
[2023-11-04T15:14:00.627+0000] {processor.py:839} INFO - DAG(s) dict_keys(['spark_airflow_dag']) retrieved from /opt/airflow/dags/dag.py
[2023-11-04T15:14:00.682+0000] {logging_mixin.py:151} INFO - [2023-11-04T15:14:00.681+0000] {dag.py:2915} INFO - Sync 1 DAGs
[2023-11-04T15:14:00.705+0000] {logging_mixin.py:151} INFO - [2023-11-04T15:14:00.705+0000] {dag.py:3696} INFO - Setting next_dagrun for spark_airflow_dag to None, run_after=None
[2023-11-04T15:14:00.734+0000] {processor.py:179} INFO - Processing /opt/airflow/dags/dag.py took 0.191 seconds
[2023-11-04T15:14:31.133+0000] {processor.py:157} INFO - Started process (PID=279) to work on /opt/airflow/dags/dag.py
[2023-11-04T15:14:31.135+0000] {processor.py:829} INFO - Processing file /opt/airflow/dags/dag.py for tasks to queue
[2023-11-04T15:14:31.139+0000] {logging_mixin.py:151} INFO - [2023-11-04T15:14:31.139+0000] {dagbag.py:539} INFO - Filling up the DagBag from /opt/airflow/dags/dag.py
[2023-11-04T15:14:31.191+0000] {processor.py:839} INFO - DAG(s) dict_keys(['spark_airflow_dag']) retrieved from /opt/airflow/dags/dag.py
[2023-11-04T15:14:31.222+0000] {logging_mixin.py:151} INFO - [2023-11-04T15:14:31.221+0000] {dag.py:2915} INFO - Sync 1 DAGs
[2023-11-04T15:14:31.237+0000] {logging_mixin.py:151} INFO - [2023-11-04T15:14:31.237+0000] {dag.py:3696} INFO - Setting next_dagrun for spark_airflow_dag to None, run_after=None
[2023-11-04T15:14:31.267+0000] {processor.py:179} INFO - Processing /opt/airflow/dags/dag.py took 0.137 seconds
[2023-11-04T15:15:01.550+0000] {processor.py:157} INFO - Started process (PID=284) to work on /opt/airflow/dags/dag.py
[2023-11-04T15:15:01.552+0000] {processor.py:829} INFO - Processing file /opt/airflow/dags/dag.py for tasks to queue
[2023-11-04T15:15:01.554+0000] {logging_mixin.py:151} INFO - [2023-11-04T15:15:01.554+0000] {dagbag.py:539} INFO - Filling up the DagBag from /opt/airflow/dags/dag.py
[2023-11-04T15:15:01.604+0000] {processor.py:839} INFO - DAG(s) dict_keys(['spark_airflow_dag']) retrieved from /opt/airflow/dags/dag.py
[2023-11-04T15:15:01.636+0000] {logging_mixin.py:151} INFO - [2023-11-04T15:15:01.636+0000] {dag.py:2915} INFO - Sync 1 DAGs
[2023-11-04T15:15:01.654+0000] {logging_mixin.py:151} INFO - [2023-11-04T15:15:01.654+0000] {dag.py:3696} INFO - Setting next_dagrun for spark_airflow_dag to None, run_after=None
[2023-11-04T15:15:01.681+0000] {processor.py:179} INFO - Processing /opt/airflow/dags/dag.py took 0.136 seconds
[2023-11-04T15:15:32.070+0000] {processor.py:157} INFO - Started process (PID=289) to work on /opt/airflow/dags/dag.py
[2023-11-04T15:15:32.073+0000] {processor.py:829} INFO - Processing file /opt/airflow/dags/dag.py for tasks to queue
[2023-11-04T15:15:32.079+0000] {logging_mixin.py:151} INFO - [2023-11-04T15:15:32.078+0000] {dagbag.py:539} INFO - Filling up the DagBag from /opt/airflow/dags/dag.py
[2023-11-04T15:15:32.171+0000] {processor.py:839} INFO - DAG(s) dict_keys(['spark_airflow_dag']) retrieved from /opt/airflow/dags/dag.py
[2023-11-04T15:15:32.219+0000] {logging_mixin.py:151} INFO - [2023-11-04T15:15:32.218+0000] {dag.py:2915} INFO - Sync 1 DAGs
[2023-11-04T15:15:32.241+0000] {logging_mixin.py:151} INFO - [2023-11-04T15:15:32.241+0000] {dag.py:3696} INFO - Setting next_dagrun for spark_airflow_dag to None, run_after=None
[2023-11-04T15:15:32.297+0000] {processor.py:179} INFO - Processing /opt/airflow/dags/dag.py took 0.232 seconds
[2023-11-04T15:16:02.496+0000] {processor.py:157} INFO - Started process (PID=294) to work on /opt/airflow/dags/dag.py
[2023-11-04T15:16:02.498+0000] {processor.py:829} INFO - Processing file /opt/airflow/dags/dag.py for tasks to queue
[2023-11-04T15:16:02.502+0000] {logging_mixin.py:151} INFO - [2023-11-04T15:16:02.501+0000] {dagbag.py:539} INFO - Filling up the DagBag from /opt/airflow/dags/dag.py
[2023-11-04T15:16:02.550+0000] {processor.py:839} INFO - DAG(s) dict_keys(['spark_airflow_dag']) retrieved from /opt/airflow/dags/dag.py
[2023-11-04T15:16:02.581+0000] {logging_mixin.py:151} INFO - [2023-11-04T15:16:02.580+0000] {dag.py:2915} INFO - Sync 1 DAGs
[2023-11-04T15:16:02.598+0000] {logging_mixin.py:151} INFO - [2023-11-04T15:16:02.598+0000] {dag.py:3696} INFO - Setting next_dagrun for spark_airflow_dag to None, run_after=None
[2023-11-04T15:16:02.629+0000] {processor.py:179} INFO - Processing /opt/airflow/dags/dag.py took 0.136 seconds
[2023-11-04T15:16:32.930+0000] {processor.py:157} INFO - Started process (PID=299) to work on /opt/airflow/dags/dag.py
[2023-11-04T15:16:32.932+0000] {processor.py:829} INFO - Processing file /opt/airflow/dags/dag.py for tasks to queue
[2023-11-04T15:16:32.938+0000] {logging_mixin.py:151} INFO - [2023-11-04T15:16:32.937+0000] {dagbag.py:539} INFO - Filling up the DagBag from /opt/airflow/dags/dag.py
[2023-11-04T15:16:32.990+0000] {processor.py:839} INFO - DAG(s) dict_keys(['spark_airflow_dag']) retrieved from /opt/airflow/dags/dag.py
[2023-11-04T15:16:33.022+0000] {logging_mixin.py:151} INFO - [2023-11-04T15:16:33.021+0000] {dag.py:2915} INFO - Sync 1 DAGs
[2023-11-04T15:16:33.037+0000] {logging_mixin.py:151} INFO - [2023-11-04T15:16:33.037+0000] {dag.py:3696} INFO - Setting next_dagrun for spark_airflow_dag to None, run_after=None
[2023-11-04T15:16:33.068+0000] {processor.py:179} INFO - Processing /opt/airflow/dags/dag.py took 0.153 seconds
[2023-11-04T15:17:03.439+0000] {processor.py:157} INFO - Started process (PID=304) to work on /opt/airflow/dags/dag.py
[2023-11-04T15:17:03.441+0000] {processor.py:829} INFO - Processing file /opt/airflow/dags/dag.py for tasks to queue
[2023-11-04T15:17:03.444+0000] {logging_mixin.py:151} INFO - [2023-11-04T15:17:03.444+0000] {dagbag.py:539} INFO - Filling up the DagBag from /opt/airflow/dags/dag.py
[2023-11-04T15:17:03.493+0000] {processor.py:839} INFO - DAG(s) dict_keys(['spark_airflow_dag']) retrieved from /opt/airflow/dags/dag.py
[2023-11-04T15:17:03.524+0000] {logging_mixin.py:151} INFO - [2023-11-04T15:17:03.524+0000] {dag.py:2915} INFO - Sync 1 DAGs
[2023-11-04T15:17:03.540+0000] {logging_mixin.py:151} INFO - [2023-11-04T15:17:03.540+0000] {dag.py:3696} INFO - Setting next_dagrun for spark_airflow_dag to None, run_after=None
[2023-11-04T15:17:03.565+0000] {processor.py:179} INFO - Processing /opt/airflow/dags/dag.py took 0.129 seconds
[2023-11-04T15:17:33.868+0000] {processor.py:157} INFO - Started process (PID=309) to work on /opt/airflow/dags/dag.py
[2023-11-04T15:17:33.870+0000] {processor.py:829} INFO - Processing file /opt/airflow/dags/dag.py for tasks to queue
[2023-11-04T15:17:33.874+0000] {logging_mixin.py:151} INFO - [2023-11-04T15:17:33.874+0000] {dagbag.py:539} INFO - Filling up the DagBag from /opt/airflow/dags/dag.py
[2023-11-04T15:17:33.926+0000] {processor.py:839} INFO - DAG(s) dict_keys(['spark_airflow_dag']) retrieved from /opt/airflow/dags/dag.py
[2023-11-04T15:17:33.957+0000] {logging_mixin.py:151} INFO - [2023-11-04T15:17:33.957+0000] {dag.py:2915} INFO - Sync 1 DAGs
[2023-11-04T15:17:33.976+0000] {logging_mixin.py:151} INFO - [2023-11-04T15:17:33.975+0000] {dag.py:3696} INFO - Setting next_dagrun for spark_airflow_dag to None, run_after=None
[2023-11-04T15:17:34.040+0000] {processor.py:179} INFO - Processing /opt/airflow/dags/dag.py took 0.176 seconds
[2023-11-04T15:18:04.398+0000] {processor.py:157} INFO - Started process (PID=314) to work on /opt/airflow/dags/dag.py
[2023-11-04T15:18:04.399+0000] {processor.py:829} INFO - Processing file /opt/airflow/dags/dag.py for tasks to queue
[2023-11-04T15:18:04.403+0000] {logging_mixin.py:151} INFO - [2023-11-04T15:18:04.402+0000] {dagbag.py:539} INFO - Filling up the DagBag from /opt/airflow/dags/dag.py
[2023-11-04T15:18:04.456+0000] {processor.py:839} INFO - DAG(s) dict_keys(['spark_airflow_dag']) retrieved from /opt/airflow/dags/dag.py
[2023-11-04T15:18:04.492+0000] {logging_mixin.py:151} INFO - [2023-11-04T15:18:04.492+0000] {dag.py:2915} INFO - Sync 1 DAGs
[2023-11-04T15:18:04.508+0000] {logging_mixin.py:151} INFO - [2023-11-04T15:18:04.508+0000] {dag.py:3696} INFO - Setting next_dagrun for spark_airflow_dag to None, run_after=None
[2023-11-04T15:18:04.533+0000] {processor.py:179} INFO - Processing /opt/airflow/dags/dag.py took 0.139 seconds
[2023-11-04T15:18:34.825+0000] {processor.py:157} INFO - Started process (PID=319) to work on /opt/airflow/dags/dag.py
[2023-11-04T15:18:34.827+0000] {processor.py:829} INFO - Processing file /opt/airflow/dags/dag.py for tasks to queue
[2023-11-04T15:18:34.831+0000] {logging_mixin.py:151} INFO - [2023-11-04T15:18:34.830+0000] {dagbag.py:539} INFO - Filling up the DagBag from /opt/airflow/dags/dag.py
[2023-11-04T15:18:34.876+0000] {processor.py:839} INFO - DAG(s) dict_keys(['spark_airflow_dag']) retrieved from /opt/airflow/dags/dag.py
[2023-11-04T15:18:34.910+0000] {logging_mixin.py:151} INFO - [2023-11-04T15:18:34.909+0000] {dag.py:2915} INFO - Sync 1 DAGs
[2023-11-04T15:18:34.926+0000] {logging_mixin.py:151} INFO - [2023-11-04T15:18:34.926+0000] {dag.py:3696} INFO - Setting next_dagrun for spark_airflow_dag to None, run_after=None
[2023-11-04T15:18:34.952+0000] {processor.py:179} INFO - Processing /opt/airflow/dags/dag.py took 0.131 seconds
[2023-11-04T15:19:05.288+0000] {processor.py:157} INFO - Started process (PID=324) to work on /opt/airflow/dags/dag.py
[2023-11-04T15:19:05.290+0000] {processor.py:829} INFO - Processing file /opt/airflow/dags/dag.py for tasks to queue
[2023-11-04T15:19:05.294+0000] {logging_mixin.py:151} INFO - [2023-11-04T15:19:05.294+0000] {dagbag.py:539} INFO - Filling up the DagBag from /opt/airflow/dags/dag.py
[2023-11-04T15:19:05.341+0000] {processor.py:839} INFO - DAG(s) dict_keys(['spark_airflow_dag']) retrieved from /opt/airflow/dags/dag.py
[2023-11-04T15:19:05.431+0000] {logging_mixin.py:151} INFO - [2023-11-04T15:19:05.428+0000] {dag.py:2915} INFO - Sync 1 DAGs
[2023-11-04T15:19:05.516+0000] {logging_mixin.py:151} INFO - [2023-11-04T15:19:05.515+0000] {dag.py:3696} INFO - Setting next_dagrun for spark_airflow_dag to None, run_after=None
[2023-11-04T15:19:05.571+0000] {processor.py:179} INFO - Processing /opt/airflow/dags/dag.py took 0.289 seconds
[2023-11-04T15:19:35.751+0000] {processor.py:157} INFO - Started process (PID=329) to work on /opt/airflow/dags/dag.py
[2023-11-04T15:19:35.753+0000] {processor.py:829} INFO - Processing file /opt/airflow/dags/dag.py for tasks to queue
[2023-11-04T15:19:35.756+0000] {logging_mixin.py:151} INFO - [2023-11-04T15:19:35.756+0000] {dagbag.py:539} INFO - Filling up the DagBag from /opt/airflow/dags/dag.py
[2023-11-04T15:19:35.806+0000] {processor.py:839} INFO - DAG(s) dict_keys(['spark_airflow_dag']) retrieved from /opt/airflow/dags/dag.py
[2023-11-04T15:19:35.854+0000] {logging_mixin.py:151} INFO - [2023-11-04T15:19:35.853+0000] {dag.py:2915} INFO - Sync 1 DAGs
[2023-11-04T15:19:35.877+0000] {logging_mixin.py:151} INFO - [2023-11-04T15:19:35.876+0000] {dag.py:3696} INFO - Setting next_dagrun for spark_airflow_dag to None, run_after=None
[2023-11-04T15:19:35.905+0000] {processor.py:179} INFO - Processing /opt/airflow/dags/dag.py took 0.158 seconds
[2023-11-04T15:20:06.124+0000] {processor.py:157} INFO - Started process (PID=334) to work on /opt/airflow/dags/dag.py
[2023-11-04T15:20:06.125+0000] {processor.py:829} INFO - Processing file /opt/airflow/dags/dag.py for tasks to queue
[2023-11-04T15:20:06.130+0000] {logging_mixin.py:151} INFO - [2023-11-04T15:20:06.129+0000] {dagbag.py:539} INFO - Filling up the DagBag from /opt/airflow/dags/dag.py
[2023-11-04T15:20:06.194+0000] {processor.py:839} INFO - DAG(s) dict_keys(['spark_airflow_dag']) retrieved from /opt/airflow/dags/dag.py
[2023-11-04T15:20:06.272+0000] {logging_mixin.py:151} INFO - [2023-11-04T15:20:06.271+0000] {dag.py:2915} INFO - Sync 1 DAGs
[2023-11-04T15:20:06.289+0000] {logging_mixin.py:151} INFO - [2023-11-04T15:20:06.288+0000] {dag.py:3696} INFO - Setting next_dagrun for spark_airflow_dag to None, run_after=None
[2023-11-04T15:20:06.327+0000] {processor.py:179} INFO - Processing /opt/airflow/dags/dag.py took 0.208 seconds
[2023-11-04T15:20:36.704+0000] {processor.py:157} INFO - Started process (PID=339) to work on /opt/airflow/dags/dag.py
[2023-11-04T15:20:36.706+0000] {processor.py:829} INFO - Processing file /opt/airflow/dags/dag.py for tasks to queue
[2023-11-04T15:20:36.710+0000] {logging_mixin.py:151} INFO - [2023-11-04T15:20:36.710+0000] {dagbag.py:539} INFO - Filling up the DagBag from /opt/airflow/dags/dag.py
[2023-11-04T15:20:36.819+0000] {processor.py:839} INFO - DAG(s) dict_keys(['spark_airflow_dag']) retrieved from /opt/airflow/dags/dag.py
[2023-11-04T15:20:36.898+0000] {logging_mixin.py:151} INFO - [2023-11-04T15:20:36.897+0000] {dag.py:2915} INFO - Sync 1 DAGs
[2023-11-04T15:20:36.968+0000] {logging_mixin.py:151} INFO - [2023-11-04T15:20:36.967+0000] {dag.py:3696} INFO - Setting next_dagrun for spark_airflow_dag to None, run_after=None
[2023-11-04T15:20:37.006+0000] {processor.py:179} INFO - Processing /opt/airflow/dags/dag.py took 0.306 seconds
[2023-11-04T15:21:07.127+0000] {processor.py:157} INFO - Started process (PID=344) to work on /opt/airflow/dags/dag.py
[2023-11-04T15:21:07.129+0000] {processor.py:829} INFO - Processing file /opt/airflow/dags/dag.py for tasks to queue
[2023-11-04T15:21:07.134+0000] {logging_mixin.py:151} INFO - [2023-11-04T15:21:07.134+0000] {dagbag.py:539} INFO - Filling up the DagBag from /opt/airflow/dags/dag.py
[2023-11-04T15:21:07.207+0000] {processor.py:839} INFO - DAG(s) dict_keys(['spark_airflow_dag']) retrieved from /opt/airflow/dags/dag.py
[2023-11-04T15:21:07.256+0000] {logging_mixin.py:151} INFO - [2023-11-04T15:21:07.256+0000] {dag.py:2915} INFO - Sync 1 DAGs
[2023-11-04T15:21:07.363+0000] {logging_mixin.py:151} INFO - [2023-11-04T15:21:07.363+0000] {dag.py:3696} INFO - Setting next_dagrun for spark_airflow_dag to None, run_after=None
[2023-11-04T15:21:07.401+0000] {processor.py:179} INFO - Processing /opt/airflow/dags/dag.py took 0.284 seconds
[2023-11-04T15:21:37.846+0000] {processor.py:157} INFO - Started process (PID=349) to work on /opt/airflow/dags/dag.py
[2023-11-04T15:21:37.849+0000] {processor.py:829} INFO - Processing file /opt/airflow/dags/dag.py for tasks to queue
[2023-11-04T15:21:37.856+0000] {logging_mixin.py:151} INFO - [2023-11-04T15:21:37.855+0000] {dagbag.py:539} INFO - Filling up the DagBag from /opt/airflow/dags/dag.py
[2023-11-04T15:21:37.937+0000] {processor.py:839} INFO - DAG(s) dict_keys(['spark_airflow_dag']) retrieved from /opt/airflow/dags/dag.py
[2023-11-04T15:21:37.996+0000] {logging_mixin.py:151} INFO - [2023-11-04T15:21:37.995+0000] {dag.py:2915} INFO - Sync 1 DAGs
[2023-11-04T15:21:38.038+0000] {logging_mixin.py:151} INFO - [2023-11-04T15:21:38.037+0000] {dag.py:3696} INFO - Setting next_dagrun for spark_airflow_dag to None, run_after=None
[2023-11-04T15:21:38.076+0000] {processor.py:179} INFO - Processing /opt/airflow/dags/dag.py took 0.237 seconds
[2023-11-04T15:22:08.254+0000] {processor.py:157} INFO - Started process (PID=354) to work on /opt/airflow/dags/dag.py
[2023-11-04T15:22:08.256+0000] {processor.py:829} INFO - Processing file /opt/airflow/dags/dag.py for tasks to queue
[2023-11-04T15:22:08.260+0000] {logging_mixin.py:151} INFO - [2023-11-04T15:22:08.260+0000] {dagbag.py:539} INFO - Filling up the DagBag from /opt/airflow/dags/dag.py
[2023-11-04T15:22:08.325+0000] {processor.py:839} INFO - DAG(s) dict_keys(['spark_airflow_dag']) retrieved from /opt/airflow/dags/dag.py
[2023-11-04T15:22:08.391+0000] {logging_mixin.py:151} INFO - [2023-11-04T15:22:08.390+0000] {dag.py:2915} INFO - Sync 1 DAGs
[2023-11-04T15:22:08.407+0000] {logging_mixin.py:151} INFO - [2023-11-04T15:22:08.407+0000] {dag.py:3696} INFO - Setting next_dagrun for spark_airflow_dag to None, run_after=None
[2023-11-04T15:22:08.438+0000] {processor.py:179} INFO - Processing /opt/airflow/dags/dag.py took 0.203 seconds
[2023-11-04T15:22:38.907+0000] {processor.py:157} INFO - Started process (PID=359) to work on /opt/airflow/dags/dag.py
[2023-11-04T15:22:38.910+0000] {processor.py:829} INFO - Processing file /opt/airflow/dags/dag.py for tasks to queue
[2023-11-04T15:22:38.915+0000] {logging_mixin.py:151} INFO - [2023-11-04T15:22:38.914+0000] {dagbag.py:539} INFO - Filling up the DagBag from /opt/airflow/dags/dag.py
[2023-11-04T15:22:38.960+0000] {processor.py:839} INFO - DAG(s) dict_keys(['spark_airflow_dag']) retrieved from /opt/airflow/dags/dag.py
[2023-11-04T15:22:39.003+0000] {logging_mixin.py:151} INFO - [2023-11-04T15:22:39.002+0000] {dag.py:2915} INFO - Sync 1 DAGs
[2023-11-04T15:22:39.035+0000] {logging_mixin.py:151} INFO - [2023-11-04T15:22:39.035+0000] {dag.py:3696} INFO - Setting next_dagrun for spark_airflow_dag to None, run_after=None
[2023-11-04T15:22:39.069+0000] {processor.py:179} INFO - Processing /opt/airflow/dags/dag.py took 0.190 seconds
[2023-11-04T15:23:09.334+0000] {processor.py:157} INFO - Started process (PID=364) to work on /opt/airflow/dags/dag.py
[2023-11-04T15:23:09.336+0000] {processor.py:829} INFO - Processing file /opt/airflow/dags/dag.py for tasks to queue
[2023-11-04T15:23:09.340+0000] {logging_mixin.py:151} INFO - [2023-11-04T15:23:09.339+0000] {dagbag.py:539} INFO - Filling up the DagBag from /opt/airflow/dags/dag.py
[2023-11-04T15:23:09.407+0000] {processor.py:839} INFO - DAG(s) dict_keys(['spark_airflow_dag']) retrieved from /opt/airflow/dags/dag.py
[2023-11-04T15:23:09.477+0000] {logging_mixin.py:151} INFO - [2023-11-04T15:23:09.476+0000] {dag.py:2915} INFO - Sync 1 DAGs
[2023-11-04T15:23:09.498+0000] {logging_mixin.py:151} INFO - [2023-11-04T15:23:09.498+0000] {dag.py:3696} INFO - Setting next_dagrun for spark_airflow_dag to None, run_after=None
[2023-11-04T15:23:09.533+0000] {processor.py:179} INFO - Processing /opt/airflow/dags/dag.py took 0.213 seconds
[2023-11-04T15:23:39.933+0000] {processor.py:157} INFO - Started process (PID=369) to work on /opt/airflow/dags/dag.py
[2023-11-04T15:23:39.938+0000] {processor.py:829} INFO - Processing file /opt/airflow/dags/dag.py for tasks to queue
[2023-11-04T15:23:39.943+0000] {logging_mixin.py:151} INFO - [2023-11-04T15:23:39.943+0000] {dagbag.py:539} INFO - Filling up the DagBag from /opt/airflow/dags/dag.py
[2023-11-04T15:23:39.998+0000] {processor.py:839} INFO - DAG(s) dict_keys(['spark_airflow_dag']) retrieved from /opt/airflow/dags/dag.py
[2023-11-04T15:23:40.076+0000] {logging_mixin.py:151} INFO - [2023-11-04T15:23:40.073+0000] {dag.py:2915} INFO - Sync 1 DAGs
[2023-11-04T15:23:40.296+0000] {logging_mixin.py:151} INFO - [2023-11-04T15:23:40.296+0000] {dag.py:3696} INFO - Setting next_dagrun for spark_airflow_dag to None, run_after=None
[2023-11-04T15:23:40.357+0000] {processor.py:179} INFO - Processing /opt/airflow/dags/dag.py took 0.428 seconds
[2023-11-04T15:24:10.806+0000] {processor.py:157} INFO - Started process (PID=374) to work on /opt/airflow/dags/dag.py
[2023-11-04T15:24:10.809+0000] {processor.py:829} INFO - Processing file /opt/airflow/dags/dag.py for tasks to queue
[2023-11-04T15:24:10.815+0000] {logging_mixin.py:151} INFO - [2023-11-04T15:24:10.814+0000] {dagbag.py:539} INFO - Filling up the DagBag from /opt/airflow/dags/dag.py
[2023-11-04T15:24:10.866+0000] {processor.py:839} INFO - DAG(s) dict_keys(['spark_airflow_dag']) retrieved from /opt/airflow/dags/dag.py
[2023-11-04T15:24:10.916+0000] {logging_mixin.py:151} INFO - [2023-11-04T15:24:10.915+0000] {dag.py:2915} INFO - Sync 1 DAGs
[2023-11-04T15:24:11.002+0000] {logging_mixin.py:151} INFO - [2023-11-04T15:24:11.001+0000] {dag.py:3696} INFO - Setting next_dagrun for spark_airflow_dag to None, run_after=None
[2023-11-04T15:24:11.086+0000] {processor.py:179} INFO - Processing /opt/airflow/dags/dag.py took 0.286 seconds
[2023-11-04T15:24:41.198+0000] {processor.py:157} INFO - Started process (PID=379) to work on /opt/airflow/dags/dag.py
[2023-11-04T15:24:41.200+0000] {processor.py:829} INFO - Processing file /opt/airflow/dags/dag.py for tasks to queue
[2023-11-04T15:24:41.203+0000] {logging_mixin.py:151} INFO - [2023-11-04T15:24:41.203+0000] {dagbag.py:539} INFO - Filling up the DagBag from /opt/airflow/dags/dag.py
[2023-11-04T15:24:41.256+0000] {processor.py:839} INFO - DAG(s) dict_keys(['spark_airflow_dag']) retrieved from /opt/airflow/dags/dag.py
[2023-11-04T15:24:41.301+0000] {logging_mixin.py:151} INFO - [2023-11-04T15:24:41.300+0000] {dag.py:2915} INFO - Sync 1 DAGs
[2023-11-04T15:24:41.316+0000] {logging_mixin.py:151} INFO - [2023-11-04T15:24:41.316+0000] {dag.py:3696} INFO - Setting next_dagrun for spark_airflow_dag to None, run_after=None
[2023-11-04T15:24:41.432+0000] {processor.py:179} INFO - Processing /opt/airflow/dags/dag.py took 0.238 seconds
[2023-11-04T15:25:11.891+0000] {processor.py:157} INFO - Started process (PID=384) to work on /opt/airflow/dags/dag.py
[2023-11-04T15:25:11.895+0000] {processor.py:829} INFO - Processing file /opt/airflow/dags/dag.py for tasks to queue
[2023-11-04T15:25:11.902+0000] {logging_mixin.py:151} INFO - [2023-11-04T15:25:11.902+0000] {dagbag.py:539} INFO - Filling up the DagBag from /opt/airflow/dags/dag.py
[2023-11-04T15:25:12.098+0000] {processor.py:839} INFO - DAG(s) dict_keys(['spark_airflow_dag']) retrieved from /opt/airflow/dags/dag.py
[2023-11-04T15:25:12.163+0000] {logging_mixin.py:151} INFO - [2023-11-04T15:25:12.162+0000] {dag.py:2915} INFO - Sync 1 DAGs
[2023-11-04T15:25:12.186+0000] {logging_mixin.py:151} INFO - [2023-11-04T15:25:12.185+0000] {dag.py:3696} INFO - Setting next_dagrun for spark_airflow_dag to None, run_after=None
[2023-11-04T15:25:12.243+0000] {processor.py:179} INFO - Processing /opt/airflow/dags/dag.py took 0.358 seconds
[2023-11-04T15:25:42.649+0000] {processor.py:157} INFO - Started process (PID=389) to work on /opt/airflow/dags/dag.py
[2023-11-04T15:25:42.651+0000] {processor.py:829} INFO - Processing file /opt/airflow/dags/dag.py for tasks to queue
[2023-11-04T15:25:42.655+0000] {logging_mixin.py:151} INFO - [2023-11-04T15:25:42.654+0000] {dagbag.py:539} INFO - Filling up the DagBag from /opt/airflow/dags/dag.py
[2023-11-04T15:25:42.703+0000] {processor.py:839} INFO - DAG(s) dict_keys(['spark_airflow_dag']) retrieved from /opt/airflow/dags/dag.py
[2023-11-04T15:25:42.742+0000] {logging_mixin.py:151} INFO - [2023-11-04T15:25:42.742+0000] {dag.py:2915} INFO - Sync 1 DAGs
[2023-11-04T15:25:42.807+0000] {logging_mixin.py:151} INFO - [2023-11-04T15:25:42.807+0000] {dag.py:3696} INFO - Setting next_dagrun for spark_airflow_dag to None, run_after=None
[2023-11-04T15:25:42.870+0000] {processor.py:179} INFO - Processing /opt/airflow/dags/dag.py took 0.225 seconds
[2023-11-04T15:26:13.067+0000] {processor.py:157} INFO - Started process (PID=394) to work on /opt/airflow/dags/dag.py
[2023-11-04T15:26:13.069+0000] {processor.py:829} INFO - Processing file /opt/airflow/dags/dag.py for tasks to queue
[2023-11-04T15:26:13.073+0000] {logging_mixin.py:151} INFO - [2023-11-04T15:26:13.073+0000] {dagbag.py:539} INFO - Filling up the DagBag from /opt/airflow/dags/dag.py
[2023-11-04T15:26:13.124+0000] {processor.py:839} INFO - DAG(s) dict_keys(['spark_airflow_dag']) retrieved from /opt/airflow/dags/dag.py
[2023-11-04T15:26:13.172+0000] {logging_mixin.py:151} INFO - [2023-11-04T15:26:13.172+0000] {dag.py:2915} INFO - Sync 1 DAGs
[2023-11-04T15:26:13.191+0000] {logging_mixin.py:151} INFO - [2023-11-04T15:26:13.191+0000] {dag.py:3696} INFO - Setting next_dagrun for spark_airflow_dag to None, run_after=None
[2023-11-04T15:26:13.229+0000] {processor.py:179} INFO - Processing /opt/airflow/dags/dag.py took 0.185 seconds
[2023-11-04T15:26:43.671+0000] {processor.py:157} INFO - Started process (PID=399) to work on /opt/airflow/dags/dag.py
[2023-11-04T15:26:43.673+0000] {processor.py:829} INFO - Processing file /opt/airflow/dags/dag.py for tasks to queue
[2023-11-04T15:26:43.676+0000] {logging_mixin.py:151} INFO - [2023-11-04T15:26:43.675+0000] {dagbag.py:539} INFO - Filling up the DagBag from /opt/airflow/dags/dag.py
[2023-11-04T15:26:43.723+0000] {processor.py:839} INFO - DAG(s) dict_keys(['spark_airflow_dag']) retrieved from /opt/airflow/dags/dag.py
[2023-11-04T15:26:43.753+0000] {logging_mixin.py:151} INFO - [2023-11-04T15:26:43.753+0000] {dag.py:2915} INFO - Sync 1 DAGs
[2023-11-04T15:26:43.786+0000] {logging_mixin.py:151} INFO - [2023-11-04T15:26:43.786+0000] {dag.py:3696} INFO - Setting next_dagrun for spark_airflow_dag to None, run_after=None
[2023-11-04T15:26:43.811+0000] {processor.py:179} INFO - Processing /opt/airflow/dags/dag.py took 0.145 seconds
[2023-11-04T15:27:14.092+0000] {processor.py:157} INFO - Started process (PID=404) to work on /opt/airflow/dags/dag.py
[2023-11-04T15:27:14.094+0000] {processor.py:829} INFO - Processing file /opt/airflow/dags/dag.py for tasks to queue
[2023-11-04T15:27:14.097+0000] {logging_mixin.py:151} INFO - [2023-11-04T15:27:14.096+0000] {dagbag.py:539} INFO - Filling up the DagBag from /opt/airflow/dags/dag.py
[2023-11-04T15:27:14.140+0000] {processor.py:839} INFO - DAG(s) dict_keys(['spark_airflow_dag']) retrieved from /opt/airflow/dags/dag.py
[2023-11-04T15:27:14.176+0000] {logging_mixin.py:151} INFO - [2023-11-04T15:27:14.175+0000] {dag.py:2915} INFO - Sync 1 DAGs
[2023-11-04T15:27:14.212+0000] {logging_mixin.py:151} INFO - [2023-11-04T15:27:14.212+0000] {dag.py:3696} INFO - Setting next_dagrun for spark_airflow_dag to None, run_after=None
[2023-11-04T15:27:14.247+0000] {processor.py:179} INFO - Processing /opt/airflow/dags/dag.py took 0.159 seconds
[2023-11-04T15:27:44.591+0000] {processor.py:157} INFO - Started process (PID=409) to work on /opt/airflow/dags/dag.py
[2023-11-04T15:27:44.592+0000] {processor.py:829} INFO - Processing file /opt/airflow/dags/dag.py for tasks to queue
[2023-11-04T15:27:44.595+0000] {logging_mixin.py:151} INFO - [2023-11-04T15:27:44.595+0000] {dagbag.py:539} INFO - Filling up the DagBag from /opt/airflow/dags/dag.py
[2023-11-04T15:27:44.643+0000] {processor.py:839} INFO - DAG(s) dict_keys(['spark_airflow_dag']) retrieved from /opt/airflow/dags/dag.py
[2023-11-04T15:27:44.674+0000] {logging_mixin.py:151} INFO - [2023-11-04T15:27:44.673+0000] {dag.py:2915} INFO - Sync 1 DAGs
[2023-11-04T15:27:44.688+0000] {logging_mixin.py:151} INFO - [2023-11-04T15:27:44.688+0000] {dag.py:3696} INFO - Setting next_dagrun for spark_airflow_dag to None, run_after=None
[2023-11-04T15:27:44.717+0000] {processor.py:179} INFO - Processing /opt/airflow/dags/dag.py took 0.130 seconds
[2023-11-04T15:28:15.142+0000] {processor.py:157} INFO - Started process (PID=414) to work on /opt/airflow/dags/dag.py
[2023-11-04T15:28:15.144+0000] {processor.py:829} INFO - Processing file /opt/airflow/dags/dag.py for tasks to queue
[2023-11-04T15:28:15.148+0000] {logging_mixin.py:151} INFO - [2023-11-04T15:28:15.148+0000] {dagbag.py:539} INFO - Filling up the DagBag from /opt/airflow/dags/dag.py
[2023-11-04T15:28:15.232+0000] {processor.py:839} INFO - DAG(s) dict_keys(['spark_airflow_dag']) retrieved from /opt/airflow/dags/dag.py
[2023-11-04T15:28:15.289+0000] {logging_mixin.py:151} INFO - [2023-11-04T15:28:15.288+0000] {dag.py:2915} INFO - Sync 1 DAGs
[2023-11-04T15:28:15.314+0000] {logging_mixin.py:151} INFO - [2023-11-04T15:28:15.313+0000] {dag.py:3696} INFO - Setting next_dagrun for spark_airflow_dag to None, run_after=None
[2023-11-04T15:28:15.370+0000] {processor.py:179} INFO - Processing /opt/airflow/dags/dag.py took 0.232 seconds
[2023-11-04T15:28:45.603+0000] {processor.py:157} INFO - Started process (PID=419) to work on /opt/airflow/dags/dag.py
[2023-11-04T15:28:45.605+0000] {processor.py:829} INFO - Processing file /opt/airflow/dags/dag.py for tasks to queue
[2023-11-04T15:28:45.608+0000] {logging_mixin.py:151} INFO - [2023-11-04T15:28:45.608+0000] {dagbag.py:539} INFO - Filling up the DagBag from /opt/airflow/dags/dag.py
[2023-11-04T15:28:45.658+0000] {processor.py:839} INFO - DAG(s) dict_keys(['spark_airflow_dag']) retrieved from /opt/airflow/dags/dag.py
[2023-11-04T15:28:45.694+0000] {logging_mixin.py:151} INFO - [2023-11-04T15:28:45.694+0000] {dag.py:2915} INFO - Sync 1 DAGs
[2023-11-04T15:28:45.713+0000] {logging_mixin.py:151} INFO - [2023-11-04T15:28:45.713+0000] {dag.py:3696} INFO - Setting next_dagrun for spark_airflow_dag to None, run_after=None
[2023-11-04T15:28:45.738+0000] {processor.py:179} INFO - Processing /opt/airflow/dags/dag.py took 0.149 seconds
[2023-11-04T15:29:16.174+0000] {processor.py:157} INFO - Started process (PID=424) to work on /opt/airflow/dags/dag.py
[2023-11-04T15:29:16.177+0000] {processor.py:829} INFO - Processing file /opt/airflow/dags/dag.py for tasks to queue
[2023-11-04T15:29:16.180+0000] {logging_mixin.py:151} INFO - [2023-11-04T15:29:16.180+0000] {dagbag.py:539} INFO - Filling up the DagBag from /opt/airflow/dags/dag.py
[2023-11-04T15:29:16.231+0000] {processor.py:839} INFO - DAG(s) dict_keys(['spark_airflow_dag']) retrieved from /opt/airflow/dags/dag.py
[2023-11-04T15:29:16.261+0000] {logging_mixin.py:151} INFO - [2023-11-04T15:29:16.260+0000] {dag.py:2915} INFO - Sync 1 DAGs
[2023-11-04T15:29:16.280+0000] {logging_mixin.py:151} INFO - [2023-11-04T15:29:16.280+0000] {dag.py:3696} INFO - Setting next_dagrun for spark_airflow_dag to None, run_after=None
[2023-11-04T15:29:16.307+0000] {processor.py:179} INFO - Processing /opt/airflow/dags/dag.py took 0.137 seconds
[2023-11-04T15:29:46.565+0000] {processor.py:157} INFO - Started process (PID=429) to work on /opt/airflow/dags/dag.py
[2023-11-04T15:29:46.567+0000] {processor.py:829} INFO - Processing file /opt/airflow/dags/dag.py for tasks to queue
[2023-11-04T15:29:46.573+0000] {logging_mixin.py:151} INFO - [2023-11-04T15:29:46.572+0000] {dagbag.py:539} INFO - Filling up the DagBag from /opt/airflow/dags/dag.py
[2023-11-04T15:29:46.629+0000] {processor.py:839} INFO - DAG(s) dict_keys(['spark_airflow_dag']) retrieved from /opt/airflow/dags/dag.py
[2023-11-04T15:29:46.674+0000] {logging_mixin.py:151} INFO - [2023-11-04T15:29:46.674+0000] {dag.py:2915} INFO - Sync 1 DAGs
[2023-11-04T15:29:46.758+0000] {logging_mixin.py:151} INFO - [2023-11-04T15:29:46.758+0000] {dag.py:3696} INFO - Setting next_dagrun for spark_airflow_dag to None, run_after=None
[2023-11-04T15:29:46.810+0000] {processor.py:179} INFO - Processing /opt/airflow/dags/dag.py took 0.248 seconds
[2023-11-04T15:30:17.128+0000] {processor.py:157} INFO - Started process (PID=434) to work on /opt/airflow/dags/dag.py
[2023-11-04T15:30:17.141+0000] {processor.py:829} INFO - Processing file /opt/airflow/dags/dag.py for tasks to queue
[2023-11-04T15:30:17.161+0000] {logging_mixin.py:151} INFO - [2023-11-04T15:30:17.160+0000] {dagbag.py:539} INFO - Filling up the DagBag from /opt/airflow/dags/dag.py
[2023-11-04T15:30:17.206+0000] {processor.py:839} INFO - DAG(s) dict_keys(['spark_airflow_dag']) retrieved from /opt/airflow/dags/dag.py
[2023-11-04T15:30:17.253+0000] {logging_mixin.py:151} INFO - [2023-11-04T15:30:17.252+0000] {dag.py:2915} INFO - Sync 1 DAGs
[2023-11-04T15:30:17.275+0000] {logging_mixin.py:151} INFO - [2023-11-04T15:30:17.275+0000] {dag.py:3696} INFO - Setting next_dagrun for spark_airflow_dag to None, run_after=None
[2023-11-04T15:30:17.299+0000] {processor.py:179} INFO - Processing /opt/airflow/dags/dag.py took 0.205 seconds
[2023-11-04T15:30:47.615+0000] {processor.py:157} INFO - Started process (PID=439) to work on /opt/airflow/dags/dag.py
[2023-11-04T15:30:47.618+0000] {processor.py:829} INFO - Processing file /opt/airflow/dags/dag.py for tasks to queue
[2023-11-04T15:30:47.622+0000] {logging_mixin.py:151} INFO - [2023-11-04T15:30:47.621+0000] {dagbag.py:539} INFO - Filling up the DagBag from /opt/airflow/dags/dag.py
[2023-11-04T15:30:47.679+0000] {processor.py:839} INFO - DAG(s) dict_keys(['spark_airflow_dag']) retrieved from /opt/airflow/dags/dag.py
[2023-11-04T15:30:47.716+0000] {logging_mixin.py:151} INFO - [2023-11-04T15:30:47.716+0000] {dag.py:2915} INFO - Sync 1 DAGs
[2023-11-04T15:30:47.744+0000] {logging_mixin.py:151} INFO - [2023-11-04T15:30:47.744+0000] {dag.py:3696} INFO - Setting next_dagrun for spark_airflow_dag to None, run_after=None
[2023-11-04T15:30:47.776+0000] {processor.py:179} INFO - Processing /opt/airflow/dags/dag.py took 0.168 seconds
[2023-11-04T15:31:18.093+0000] {processor.py:157} INFO - Started process (PID=444) to work on /opt/airflow/dags/dag.py
[2023-11-04T15:31:18.096+0000] {processor.py:829} INFO - Processing file /opt/airflow/dags/dag.py for tasks to queue
[2023-11-04T15:31:18.100+0000] {logging_mixin.py:151} INFO - [2023-11-04T15:31:18.100+0000] {dagbag.py:539} INFO - Filling up the DagBag from /opt/airflow/dags/dag.py
[2023-11-04T15:31:18.165+0000] {processor.py:839} INFO - DAG(s) dict_keys(['spark_airflow_dag']) retrieved from /opt/airflow/dags/dag.py
[2023-11-04T15:31:18.202+0000] {logging_mixin.py:151} INFO - [2023-11-04T15:31:18.200+0000] {dag.py:2915} INFO - Sync 1 DAGs
[2023-11-04T15:31:18.218+0000] {logging_mixin.py:151} INFO - [2023-11-04T15:31:18.218+0000] {dag.py:3696} INFO - Setting next_dagrun for spark_airflow_dag to None, run_after=None
[2023-11-04T15:31:18.248+0000] {processor.py:179} INFO - Processing /opt/airflow/dags/dag.py took 0.159 seconds
[2023-11-04T15:31:48.597+0000] {processor.py:157} INFO - Started process (PID=449) to work on /opt/airflow/dags/dag.py
[2023-11-04T15:31:48.599+0000] {processor.py:829} INFO - Processing file /opt/airflow/dags/dag.py for tasks to queue
[2023-11-04T15:31:48.603+0000] {logging_mixin.py:151} INFO - [2023-11-04T15:31:48.603+0000] {dagbag.py:539} INFO - Filling up the DagBag from /opt/airflow/dags/dag.py
[2023-11-04T15:31:48.679+0000] {processor.py:839} INFO - DAG(s) dict_keys(['spark_airflow_dag']) retrieved from /opt/airflow/dags/dag.py
[2023-11-04T15:31:48.717+0000] {logging_mixin.py:151} INFO - [2023-11-04T15:31:48.717+0000] {dag.py:2915} INFO - Sync 1 DAGs
[2023-11-04T15:31:48.741+0000] {logging_mixin.py:151} INFO - [2023-11-04T15:31:48.741+0000] {dag.py:3696} INFO - Setting next_dagrun for spark_airflow_dag to None, run_after=None
[2023-11-04T15:31:48.792+0000] {processor.py:179} INFO - Processing /opt/airflow/dags/dag.py took 0.200 seconds
[2023-11-04T15:32:19.051+0000] {processor.py:157} INFO - Started process (PID=454) to work on /opt/airflow/dags/dag.py
[2023-11-04T15:32:19.053+0000] {processor.py:829} INFO - Processing file /opt/airflow/dags/dag.py for tasks to queue
[2023-11-04T15:32:19.056+0000] {logging_mixin.py:151} INFO - [2023-11-04T15:32:19.056+0000] {dagbag.py:539} INFO - Filling up the DagBag from /opt/airflow/dags/dag.py
[2023-11-04T15:32:19.109+0000] {processor.py:839} INFO - DAG(s) dict_keys(['spark_airflow_dag']) retrieved from /opt/airflow/dags/dag.py
[2023-11-04T15:32:19.143+0000] {logging_mixin.py:151} INFO - [2023-11-04T15:32:19.142+0000] {dag.py:2915} INFO - Sync 1 DAGs
[2023-11-04T15:32:19.163+0000] {logging_mixin.py:151} INFO - [2023-11-04T15:32:19.163+0000] {dag.py:3696} INFO - Setting next_dagrun for spark_airflow_dag to None, run_after=None
[2023-11-04T15:32:19.197+0000] {processor.py:179} INFO - Processing /opt/airflow/dags/dag.py took 0.150 seconds
[2023-11-04T15:32:49.706+0000] {processor.py:157} INFO - Started process (PID=459) to work on /opt/airflow/dags/dag.py
[2023-11-04T15:32:49.708+0000] {processor.py:829} INFO - Processing file /opt/airflow/dags/dag.py for tasks to queue
[2023-11-04T15:32:49.713+0000] {logging_mixin.py:151} INFO - [2023-11-04T15:32:49.712+0000] {dagbag.py:539} INFO - Filling up the DagBag from /opt/airflow/dags/dag.py
[2023-11-04T15:32:49.764+0000] {processor.py:839} INFO - DAG(s) dict_keys(['spark_airflow_dag']) retrieved from /opt/airflow/dags/dag.py
[2023-11-04T15:32:49.800+0000] {logging_mixin.py:151} INFO - [2023-11-04T15:32:49.800+0000] {dag.py:2915} INFO - Sync 1 DAGs
[2023-11-04T15:32:49.816+0000] {logging_mixin.py:151} INFO - [2023-11-04T15:32:49.815+0000] {dag.py:3696} INFO - Setting next_dagrun for spark_airflow_dag to None, run_after=None
[2023-11-04T15:32:49.841+0000] {processor.py:179} INFO - Processing /opt/airflow/dags/dag.py took 0.138 seconds
[2023-11-04T15:33:20.099+0000] {processor.py:157} INFO - Started process (PID=464) to work on /opt/airflow/dags/dag.py
[2023-11-04T15:33:20.101+0000] {processor.py:829} INFO - Processing file /opt/airflow/dags/dag.py for tasks to queue
[2023-11-04T15:33:20.104+0000] {logging_mixin.py:151} INFO - [2023-11-04T15:33:20.104+0000] {dagbag.py:539} INFO - Filling up the DagBag from /opt/airflow/dags/dag.py
[2023-11-04T15:33:20.151+0000] {processor.py:839} INFO - DAG(s) dict_keys(['spark_airflow_dag']) retrieved from /opt/airflow/dags/dag.py
[2023-11-04T15:33:20.182+0000] {logging_mixin.py:151} INFO - [2023-11-04T15:33:20.182+0000] {dag.py:2915} INFO - Sync 1 DAGs
[2023-11-04T15:33:20.198+0000] {logging_mixin.py:151} INFO - [2023-11-04T15:33:20.198+0000] {dag.py:3696} INFO - Setting next_dagrun for spark_airflow_dag to None, run_after=None
[2023-11-04T15:33:20.226+0000] {processor.py:179} INFO - Processing /opt/airflow/dags/dag.py took 0.130 seconds
[2023-11-04T15:33:50.644+0000] {processor.py:157} INFO - Started process (PID=469) to work on /opt/airflow/dags/dag.py
[2023-11-04T15:33:50.646+0000] {processor.py:829} INFO - Processing file /opt/airflow/dags/dag.py for tasks to queue
[2023-11-04T15:33:50.650+0000] {logging_mixin.py:151} INFO - [2023-11-04T15:33:50.650+0000] {dagbag.py:539} INFO - Filling up the DagBag from /opt/airflow/dags/dag.py
[2023-11-04T15:33:50.698+0000] {processor.py:839} INFO - DAG(s) dict_keys(['spark_airflow_dag']) retrieved from /opt/airflow/dags/dag.py
[2023-11-04T15:33:50.730+0000] {logging_mixin.py:151} INFO - [2023-11-04T15:33:50.730+0000] {dag.py:2915} INFO - Sync 1 DAGs
[2023-11-04T15:33:50.746+0000] {logging_mixin.py:151} INFO - [2023-11-04T15:33:50.746+0000] {dag.py:3696} INFO - Setting next_dagrun for spark_airflow_dag to None, run_after=None
[2023-11-04T15:33:50.783+0000] {processor.py:179} INFO - Processing /opt/airflow/dags/dag.py took 0.142 seconds
[2023-11-04T15:34:21.053+0000] {processor.py:157} INFO - Started process (PID=474) to work on /opt/airflow/dags/dag.py
[2023-11-04T15:34:21.055+0000] {processor.py:829} INFO - Processing file /opt/airflow/dags/dag.py for tasks to queue
[2023-11-04T15:34:21.059+0000] {logging_mixin.py:151} INFO - [2023-11-04T15:34:21.058+0000] {dagbag.py:539} INFO - Filling up the DagBag from /opt/airflow/dags/dag.py
[2023-11-04T15:34:21.105+0000] {processor.py:839} INFO - DAG(s) dict_keys(['spark_airflow_dag']) retrieved from /opt/airflow/dags/dag.py
[2023-11-04T15:34:21.135+0000] {logging_mixin.py:151} INFO - [2023-11-04T15:34:21.135+0000] {dag.py:2915} INFO - Sync 1 DAGs
[2023-11-04T15:34:21.155+0000] {logging_mixin.py:151} INFO - [2023-11-04T15:34:21.155+0000] {dag.py:3696} INFO - Setting next_dagrun for spark_airflow_dag to None, run_after=None
[2023-11-04T15:34:21.181+0000] {processor.py:179} INFO - Processing /opt/airflow/dags/dag.py took 0.132 seconds
[2023-11-04T15:34:51.605+0000] {processor.py:157} INFO - Started process (PID=479) to work on /opt/airflow/dags/dag.py
[2023-11-04T15:34:51.608+0000] {processor.py:829} INFO - Processing file /opt/airflow/dags/dag.py for tasks to queue
[2023-11-04T15:34:51.612+0000] {logging_mixin.py:151} INFO - [2023-11-04T15:34:51.612+0000] {dagbag.py:539} INFO - Filling up the DagBag from /opt/airflow/dags/dag.py
[2023-11-04T15:34:51.696+0000] {processor.py:839} INFO - DAG(s) dict_keys(['spark_airflow_dag']) retrieved from /opt/airflow/dags/dag.py
[2023-11-04T15:34:51.739+0000] {logging_mixin.py:151} INFO - [2023-11-04T15:34:51.738+0000] {dag.py:2915} INFO - Sync 1 DAGs
[2023-11-04T15:34:51.755+0000] {logging_mixin.py:151} INFO - [2023-11-04T15:34:51.754+0000] {dag.py:3696} INFO - Setting next_dagrun for spark_airflow_dag to None, run_after=None
[2023-11-04T15:34:51.835+0000] {processor.py:179} INFO - Processing /opt/airflow/dags/dag.py took 0.235 seconds
[2023-11-04T15:35:22.005+0000] {processor.py:157} INFO - Started process (PID=484) to work on /opt/airflow/dags/dag.py
[2023-11-04T15:35:22.007+0000] {processor.py:829} INFO - Processing file /opt/airflow/dags/dag.py for tasks to queue
[2023-11-04T15:35:22.010+0000] {logging_mixin.py:151} INFO - [2023-11-04T15:35:22.010+0000] {dagbag.py:539} INFO - Filling up the DagBag from /opt/airflow/dags/dag.py
[2023-11-04T15:35:22.075+0000] {processor.py:839} INFO - DAG(s) dict_keys(['spark_airflow_dag']) retrieved from /opt/airflow/dags/dag.py
[2023-11-04T15:35:22.113+0000] {logging_mixin.py:151} INFO - [2023-11-04T15:35:22.113+0000] {dag.py:2915} INFO - Sync 1 DAGs
[2023-11-04T15:35:22.153+0000] {logging_mixin.py:151} INFO - [2023-11-04T15:35:22.153+0000] {dag.py:3696} INFO - Setting next_dagrun for spark_airflow_dag to None, run_after=None
[2023-11-04T15:35:22.184+0000] {processor.py:179} INFO - Processing /opt/airflow/dags/dag.py took 0.184 seconds
[2023-11-04T15:35:52.399+0000] {processor.py:157} INFO - Started process (PID=489) to work on /opt/airflow/dags/dag.py
[2023-11-04T15:35:52.402+0000] {processor.py:829} INFO - Processing file /opt/airflow/dags/dag.py for tasks to queue
[2023-11-04T15:35:52.405+0000] {logging_mixin.py:151} INFO - [2023-11-04T15:35:52.404+0000] {dagbag.py:539} INFO - Filling up the DagBag from /opt/airflow/dags/dag.py
[2023-11-04T15:35:52.447+0000] {processor.py:839} INFO - DAG(s) dict_keys(['spark_airflow_dag']) retrieved from /opt/airflow/dags/dag.py
[2023-11-04T15:35:52.497+0000] {logging_mixin.py:151} INFO - [2023-11-04T15:35:52.496+0000] {dag.py:2915} INFO - Sync 1 DAGs
[2023-11-04T15:35:52.515+0000] {logging_mixin.py:151} INFO - [2023-11-04T15:35:52.515+0000] {dag.py:3696} INFO - Setting next_dagrun for spark_airflow_dag to None, run_after=None
[2023-11-04T15:35:52.548+0000] {processor.py:179} INFO - Processing /opt/airflow/dags/dag.py took 0.154 seconds
[2023-11-04T15:36:23.004+0000] {processor.py:157} INFO - Started process (PID=494) to work on /opt/airflow/dags/dag.py
[2023-11-04T15:36:23.006+0000] {processor.py:829} INFO - Processing file /opt/airflow/dags/dag.py for tasks to queue
[2023-11-04T15:36:23.009+0000] {logging_mixin.py:151} INFO - [2023-11-04T15:36:23.009+0000] {dagbag.py:539} INFO - Filling up the DagBag from /opt/airflow/dags/dag.py
[2023-11-04T15:36:23.057+0000] {processor.py:839} INFO - DAG(s) dict_keys(['spark_airflow_dag']) retrieved from /opt/airflow/dags/dag.py
[2023-11-04T15:36:23.092+0000] {logging_mixin.py:151} INFO - [2023-11-04T15:36:23.091+0000] {dag.py:2915} INFO - Sync 1 DAGs
[2023-11-04T15:36:23.108+0000] {logging_mixin.py:151} INFO - [2023-11-04T15:36:23.107+0000] {dag.py:3696} INFO - Setting next_dagrun for spark_airflow_dag to None, run_after=None
[2023-11-04T15:36:23.141+0000] {processor.py:179} INFO - Processing /opt/airflow/dags/dag.py took 0.141 seconds
[2023-11-04T15:36:53.434+0000] {processor.py:157} INFO - Started process (PID=499) to work on /opt/airflow/dags/dag.py
[2023-11-04T15:36:53.436+0000] {processor.py:829} INFO - Processing file /opt/airflow/dags/dag.py for tasks to queue
[2023-11-04T15:36:53.438+0000] {logging_mixin.py:151} INFO - [2023-11-04T15:36:53.438+0000] {dagbag.py:539} INFO - Filling up the DagBag from /opt/airflow/dags/dag.py
[2023-11-04T15:36:53.490+0000] {processor.py:839} INFO - DAG(s) dict_keys(['spark_airflow_dag']) retrieved from /opt/airflow/dags/dag.py
[2023-11-04T15:36:53.529+0000] {logging_mixin.py:151} INFO - [2023-11-04T15:36:53.528+0000] {dag.py:2915} INFO - Sync 1 DAGs
[2023-11-04T15:36:53.546+0000] {logging_mixin.py:151} INFO - [2023-11-04T15:36:53.546+0000] {dag.py:3696} INFO - Setting next_dagrun for spark_airflow_dag to None, run_after=None
[2023-11-04T15:36:53.574+0000] {processor.py:179} INFO - Processing /opt/airflow/dags/dag.py took 0.144 seconds
[2023-11-04T15:37:23.920+0000] {processor.py:157} INFO - Started process (PID=504) to work on /opt/airflow/dags/dag.py
[2023-11-04T15:37:23.922+0000] {processor.py:829} INFO - Processing file /opt/airflow/dags/dag.py for tasks to queue
[2023-11-04T15:37:23.926+0000] {logging_mixin.py:151} INFO - [2023-11-04T15:37:23.926+0000] {dagbag.py:539} INFO - Filling up the DagBag from /opt/airflow/dags/dag.py
[2023-11-04T15:37:23.974+0000] {processor.py:839} INFO - DAG(s) dict_keys(['spark_airflow_dag']) retrieved from /opt/airflow/dags/dag.py
[2023-11-04T15:37:24.003+0000] {logging_mixin.py:151} INFO - [2023-11-04T15:37:24.002+0000] {dag.py:2915} INFO - Sync 1 DAGs
[2023-11-04T15:37:24.017+0000] {logging_mixin.py:151} INFO - [2023-11-04T15:37:24.017+0000] {dag.py:3696} INFO - Setting next_dagrun for spark_airflow_dag to None, run_after=None
[2023-11-04T15:37:24.043+0000] {processor.py:179} INFO - Processing /opt/airflow/dags/dag.py took 0.128 seconds
[2023-11-04T15:37:54.471+0000] {processor.py:157} INFO - Started process (PID=509) to work on /opt/airflow/dags/dag.py
[2023-11-04T15:37:54.473+0000] {processor.py:829} INFO - Processing file /opt/airflow/dags/dag.py for tasks to queue
[2023-11-04T15:37:54.478+0000] {logging_mixin.py:151} INFO - [2023-11-04T15:37:54.478+0000] {dagbag.py:539} INFO - Filling up the DagBag from /opt/airflow/dags/dag.py
[2023-11-04T15:37:54.519+0000] {processor.py:839} INFO - DAG(s) dict_keys(['spark_airflow_dag']) retrieved from /opt/airflow/dags/dag.py
[2023-11-04T15:37:54.548+0000] {logging_mixin.py:151} INFO - [2023-11-04T15:37:54.547+0000] {dag.py:2915} INFO - Sync 1 DAGs
[2023-11-04T15:37:54.562+0000] {logging_mixin.py:151} INFO - [2023-11-04T15:37:54.562+0000] {dag.py:3696} INFO - Setting next_dagrun for spark_airflow_dag to None, run_after=None
[2023-11-04T15:37:54.590+0000] {processor.py:179} INFO - Processing /opt/airflow/dags/dag.py took 0.122 seconds
[2023-11-04T15:38:24.866+0000] {processor.py:157} INFO - Started process (PID=514) to work on /opt/airflow/dags/dag.py
[2023-11-04T15:38:24.868+0000] {processor.py:829} INFO - Processing file /opt/airflow/dags/dag.py for tasks to queue
[2023-11-04T15:38:24.871+0000] {logging_mixin.py:151} INFO - [2023-11-04T15:38:24.871+0000] {dagbag.py:539} INFO - Filling up the DagBag from /opt/airflow/dags/dag.py
[2023-11-04T15:38:24.916+0000] {processor.py:839} INFO - DAG(s) dict_keys(['spark_airflow_dag']) retrieved from /opt/airflow/dags/dag.py
[2023-11-04T15:38:24.950+0000] {logging_mixin.py:151} INFO - [2023-11-04T15:38:24.949+0000] {dag.py:2915} INFO - Sync 1 DAGs
[2023-11-04T15:38:24.965+0000] {logging_mixin.py:151} INFO - [2023-11-04T15:38:24.965+0000] {dag.py:3696} INFO - Setting next_dagrun for spark_airflow_dag to None, run_after=None
[2023-11-04T15:38:24.991+0000] {processor.py:179} INFO - Processing /opt/airflow/dags/dag.py took 0.129 seconds
[2023-11-04T15:38:55.387+0000] {processor.py:157} INFO - Started process (PID=519) to work on /opt/airflow/dags/dag.py
[2023-11-04T15:38:55.390+0000] {processor.py:829} INFO - Processing file /opt/airflow/dags/dag.py for tasks to queue
[2023-11-04T15:38:55.396+0000] {logging_mixin.py:151} INFO - [2023-11-04T15:38:55.396+0000] {dagbag.py:539} INFO - Filling up the DagBag from /opt/airflow/dags/dag.py
[2023-11-04T15:38:55.487+0000] {processor.py:839} INFO - DAG(s) dict_keys(['spark_airflow_dag']) retrieved from /opt/airflow/dags/dag.py
[2023-11-04T15:38:55.547+0000] {logging_mixin.py:151} INFO - [2023-11-04T15:38:55.546+0000] {dag.py:2915} INFO - Sync 1 DAGs
[2023-11-04T15:38:55.574+0000] {logging_mixin.py:151} INFO - [2023-11-04T15:38:55.573+0000] {dag.py:3696} INFO - Setting next_dagrun for spark_airflow_dag to None, run_after=None
[2023-11-04T15:38:55.626+0000] {processor.py:179} INFO - Processing /opt/airflow/dags/dag.py took 0.244 seconds
[2023-11-04T15:39:25.799+0000] {processor.py:157} INFO - Started process (PID=524) to work on /opt/airflow/dags/dag.py
[2023-11-04T15:39:25.801+0000] {processor.py:829} INFO - Processing file /opt/airflow/dags/dag.py for tasks to queue
[2023-11-04T15:39:25.804+0000] {logging_mixin.py:151} INFO - [2023-11-04T15:39:25.804+0000] {dagbag.py:539} INFO - Filling up the DagBag from /opt/airflow/dags/dag.py
[2023-11-04T15:39:25.859+0000] {processor.py:839} INFO - DAG(s) dict_keys(['spark_airflow_dag']) retrieved from /opt/airflow/dags/dag.py
[2023-11-04T15:39:25.901+0000] {logging_mixin.py:151} INFO - [2023-11-04T15:39:25.900+0000] {dag.py:2915} INFO - Sync 1 DAGs
[2023-11-04T15:39:25.932+0000] {logging_mixin.py:151} INFO - [2023-11-04T15:39:25.931+0000] {dag.py:3696} INFO - Setting next_dagrun for spark_airflow_dag to None, run_after=None
[2023-11-04T15:39:26.003+0000] {processor.py:179} INFO - Processing /opt/airflow/dags/dag.py took 0.207 seconds
[2023-11-04T15:39:56.406+0000] {processor.py:157} INFO - Started process (PID=529) to work on /opt/airflow/dags/dag.py
[2023-11-04T15:39:56.407+0000] {processor.py:829} INFO - Processing file /opt/airflow/dags/dag.py for tasks to queue
[2023-11-04T15:39:56.410+0000] {logging_mixin.py:151} INFO - [2023-11-04T15:39:56.410+0000] {dagbag.py:539} INFO - Filling up the DagBag from /opt/airflow/dags/dag.py
[2023-11-04T15:39:56.459+0000] {processor.py:839} INFO - DAG(s) dict_keys(['spark_airflow_dag']) retrieved from /opt/airflow/dags/dag.py
[2023-11-04T15:39:56.495+0000] {logging_mixin.py:151} INFO - [2023-11-04T15:39:56.494+0000] {dag.py:2915} INFO - Sync 1 DAGs
[2023-11-04T15:39:56.514+0000] {logging_mixin.py:151} INFO - [2023-11-04T15:39:56.513+0000] {dag.py:3696} INFO - Setting next_dagrun for spark_airflow_dag to None, run_after=None
[2023-11-04T15:39:56.544+0000] {processor.py:179} INFO - Processing /opt/airflow/dags/dag.py took 0.142 seconds
[2023-11-04T15:40:26.836+0000] {processor.py:157} INFO - Started process (PID=534) to work on /opt/airflow/dags/dag.py
[2023-11-04T15:40:26.839+0000] {processor.py:829} INFO - Processing file /opt/airflow/dags/dag.py for tasks to queue
[2023-11-04T15:40:26.842+0000] {logging_mixin.py:151} INFO - [2023-11-04T15:40:26.842+0000] {dagbag.py:539} INFO - Filling up the DagBag from /opt/airflow/dags/dag.py
[2023-11-04T15:40:26.887+0000] {processor.py:839} INFO - DAG(s) dict_keys(['spark_airflow_dag']) retrieved from /opt/airflow/dags/dag.py
[2023-11-04T15:40:26.926+0000] {logging_mixin.py:151} INFO - [2023-11-04T15:40:26.926+0000] {dag.py:2915} INFO - Sync 1 DAGs
[2023-11-04T15:40:26.946+0000] {logging_mixin.py:151} INFO - [2023-11-04T15:40:26.946+0000] {dag.py:3696} INFO - Setting next_dagrun for spark_airflow_dag to None, run_after=None
[2023-11-04T15:40:26.978+0000] {processor.py:179} INFO - Processing /opt/airflow/dags/dag.py took 0.145 seconds
[2023-11-04T15:40:57.327+0000] {processor.py:157} INFO - Started process (PID=539) to work on /opt/airflow/dags/dag.py
[2023-11-04T15:40:57.329+0000] {processor.py:829} INFO - Processing file /opt/airflow/dags/dag.py for tasks to queue
[2023-11-04T15:40:57.334+0000] {logging_mixin.py:151} INFO - [2023-11-04T15:40:57.334+0000] {dagbag.py:539} INFO - Filling up the DagBag from /opt/airflow/dags/dag.py
[2023-11-04T15:40:57.390+0000] {processor.py:839} INFO - DAG(s) dict_keys(['spark_airflow_dag']) retrieved from /opt/airflow/dags/dag.py
[2023-11-04T15:40:57.419+0000] {logging_mixin.py:151} INFO - [2023-11-04T15:40:57.418+0000] {dag.py:2915} INFO - Sync 1 DAGs
[2023-11-04T15:40:57.433+0000] {logging_mixin.py:151} INFO - [2023-11-04T15:40:57.433+0000] {dag.py:3696} INFO - Setting next_dagrun for spark_airflow_dag to None, run_after=None
[2023-11-04T15:40:57.457+0000] {processor.py:179} INFO - Processing /opt/airflow/dags/dag.py took 0.134 seconds
[2023-11-04T15:41:27.733+0000] {processor.py:157} INFO - Started process (PID=544) to work on /opt/airflow/dags/dag.py
[2023-11-04T15:41:27.735+0000] {processor.py:829} INFO - Processing file /opt/airflow/dags/dag.py for tasks to queue
[2023-11-04T15:41:27.740+0000] {logging_mixin.py:151} INFO - [2023-11-04T15:41:27.740+0000] {dagbag.py:539} INFO - Filling up the DagBag from /opt/airflow/dags/dag.py
[2023-11-04T15:41:27.785+0000] {processor.py:839} INFO - DAG(s) dict_keys(['spark_airflow_dag']) retrieved from /opt/airflow/dags/dag.py
[2023-11-04T15:41:27.819+0000] {logging_mixin.py:151} INFO - [2023-11-04T15:41:27.818+0000] {dag.py:2915} INFO - Sync 1 DAGs
[2023-11-04T15:41:27.835+0000] {logging_mixin.py:151} INFO - [2023-11-04T15:41:27.835+0000] {dag.py:3696} INFO - Setting next_dagrun for spark_airflow_dag to None, run_after=None
[2023-11-04T15:41:27.861+0000] {processor.py:179} INFO - Processing /opt/airflow/dags/dag.py took 0.134 seconds
[2023-11-04T15:41:58.224+0000] {processor.py:157} INFO - Started process (PID=549) to work on /opt/airflow/dags/dag.py
[2023-11-04T15:41:58.226+0000] {processor.py:829} INFO - Processing file /opt/airflow/dags/dag.py for tasks to queue
[2023-11-04T15:41:58.230+0000] {logging_mixin.py:151} INFO - [2023-11-04T15:41:58.230+0000] {dagbag.py:539} INFO - Filling up the DagBag from /opt/airflow/dags/dag.py
[2023-11-04T15:41:58.297+0000] {processor.py:839} INFO - DAG(s) dict_keys(['spark_airflow_dag']) retrieved from /opt/airflow/dags/dag.py
[2023-11-04T15:41:58.333+0000] {logging_mixin.py:151} INFO - [2023-11-04T15:41:58.333+0000] {dag.py:2915} INFO - Sync 1 DAGs
[2023-11-04T15:41:58.351+0000] {logging_mixin.py:151} INFO - [2023-11-04T15:41:58.351+0000] {dag.py:3696} INFO - Setting next_dagrun for spark_airflow_dag to None, run_after=None
[2023-11-04T15:41:58.379+0000] {processor.py:179} INFO - Processing /opt/airflow/dags/dag.py took 0.159 seconds
[2023-11-04T15:42:28.649+0000] {processor.py:157} INFO - Started process (PID=554) to work on /opt/airflow/dags/dag.py
[2023-11-04T15:42:28.651+0000] {processor.py:829} INFO - Processing file /opt/airflow/dags/dag.py for tasks to queue
[2023-11-04T15:42:28.656+0000] {logging_mixin.py:151} INFO - [2023-11-04T15:42:28.655+0000] {dagbag.py:539} INFO - Filling up the DagBag from /opt/airflow/dags/dag.py
[2023-11-04T15:42:28.723+0000] {processor.py:839} INFO - DAG(s) dict_keys(['spark_airflow_dag']) retrieved from /opt/airflow/dags/dag.py
[2023-11-04T15:42:28.756+0000] {logging_mixin.py:151} INFO - [2023-11-04T15:42:28.756+0000] {dag.py:2915} INFO - Sync 1 DAGs
[2023-11-04T15:42:28.776+0000] {logging_mixin.py:151} INFO - [2023-11-04T15:42:28.775+0000] {dag.py:3696} INFO - Setting next_dagrun for spark_airflow_dag to None, run_after=None
[2023-11-04T15:42:28.805+0000] {processor.py:179} INFO - Processing /opt/airflow/dags/dag.py took 0.160 seconds
[2023-11-04T15:42:59.275+0000] {processor.py:157} INFO - Started process (PID=559) to work on /opt/airflow/dags/dag.py
[2023-11-04T15:42:59.277+0000] {processor.py:829} INFO - Processing file /opt/airflow/dags/dag.py for tasks to queue
[2023-11-04T15:42:59.282+0000] {logging_mixin.py:151} INFO - [2023-11-04T15:42:59.282+0000] {dagbag.py:539} INFO - Filling up the DagBag from /opt/airflow/dags/dag.py
[2023-11-04T15:42:59.361+0000] {processor.py:839} INFO - DAG(s) dict_keys(['spark_airflow_dag']) retrieved from /opt/airflow/dags/dag.py
[2023-11-04T15:42:59.397+0000] {logging_mixin.py:151} INFO - [2023-11-04T15:42:59.396+0000] {dag.py:2915} INFO - Sync 1 DAGs
[2023-11-04T15:42:59.418+0000] {logging_mixin.py:151} INFO - [2023-11-04T15:42:59.418+0000] {dag.py:3696} INFO - Setting next_dagrun for spark_airflow_dag to None, run_after=None
[2023-11-04T15:42:59.447+0000] {processor.py:179} INFO - Processing /opt/airflow/dags/dag.py took 0.176 seconds
[2023-11-04T15:43:29.714+0000] {processor.py:157} INFO - Started process (PID=564) to work on /opt/airflow/dags/dag.py
[2023-11-04T15:43:29.717+0000] {processor.py:829} INFO - Processing file /opt/airflow/dags/dag.py for tasks to queue
[2023-11-04T15:43:29.724+0000] {logging_mixin.py:151} INFO - [2023-11-04T15:43:29.723+0000] {dagbag.py:539} INFO - Filling up the DagBag from /opt/airflow/dags/dag.py
[2023-11-04T15:43:29.782+0000] {processor.py:839} INFO - DAG(s) dict_keys(['spark_airflow_dag']) retrieved from /opt/airflow/dags/dag.py
[2023-11-04T15:43:29.817+0000] {logging_mixin.py:151} INFO - [2023-11-04T15:43:29.816+0000] {dag.py:2915} INFO - Sync 1 DAGs
[2023-11-04T15:43:29.831+0000] {logging_mixin.py:151} INFO - [2023-11-04T15:43:29.831+0000] {dag.py:3696} INFO - Setting next_dagrun for spark_airflow_dag to None, run_after=None
[2023-11-04T15:43:29.858+0000] {processor.py:179} INFO - Processing /opt/airflow/dags/dag.py took 0.153 seconds
[2023-11-04T15:44:00.255+0000] {processor.py:157} INFO - Started process (PID=569) to work on /opt/airflow/dags/dag.py
[2023-11-04T15:44:00.258+0000] {processor.py:829} INFO - Processing file /opt/airflow/dags/dag.py for tasks to queue
[2023-11-04T15:44:00.261+0000] {logging_mixin.py:151} INFO - [2023-11-04T15:44:00.261+0000] {dagbag.py:539} INFO - Filling up the DagBag from /opt/airflow/dags/dag.py
[2023-11-04T15:44:00.341+0000] {processor.py:839} INFO - DAG(s) dict_keys(['spark_airflow_dag']) retrieved from /opt/airflow/dags/dag.py
[2023-11-04T15:44:00.382+0000] {logging_mixin.py:151} INFO - [2023-11-04T15:44:00.382+0000] {dag.py:2915} INFO - Sync 1 DAGs
[2023-11-04T15:44:00.405+0000] {logging_mixin.py:151} INFO - [2023-11-04T15:44:00.405+0000] {dag.py:3696} INFO - Setting next_dagrun for spark_airflow_dag to None, run_after=None
[2023-11-04T15:44:00.436+0000] {processor.py:179} INFO - Processing /opt/airflow/dags/dag.py took 0.184 seconds
[2023-11-04T15:44:30.679+0000] {processor.py:157} INFO - Started process (PID=574) to work on /opt/airflow/dags/dag.py
[2023-11-04T15:44:30.682+0000] {processor.py:829} INFO - Processing file /opt/airflow/dags/dag.py for tasks to queue
[2023-11-04T15:44:30.685+0000] {logging_mixin.py:151} INFO - [2023-11-04T15:44:30.685+0000] {dagbag.py:539} INFO - Filling up the DagBag from /opt/airflow/dags/dag.py
[2023-11-04T15:44:30.736+0000] {processor.py:839} INFO - DAG(s) dict_keys(['spark_airflow_dag']) retrieved from /opt/airflow/dags/dag.py
[2023-11-04T15:44:30.770+0000] {logging_mixin.py:151} INFO - [2023-11-04T15:44:30.769+0000] {dag.py:2915} INFO - Sync 1 DAGs
[2023-11-04T15:44:30.792+0000] {logging_mixin.py:151} INFO - [2023-11-04T15:44:30.792+0000] {dag.py:3696} INFO - Setting next_dagrun for spark_airflow_dag to None, run_after=None
[2023-11-04T15:44:30.823+0000] {processor.py:179} INFO - Processing /opt/airflow/dags/dag.py took 0.150 seconds
[2023-11-04T15:45:01.232+0000] {processor.py:157} INFO - Started process (PID=579) to work on /opt/airflow/dags/dag.py
[2023-11-04T15:45:01.234+0000] {processor.py:829} INFO - Processing file /opt/airflow/dags/dag.py for tasks to queue
[2023-11-04T15:45:01.238+0000] {logging_mixin.py:151} INFO - [2023-11-04T15:45:01.238+0000] {dagbag.py:539} INFO - Filling up the DagBag from /opt/airflow/dags/dag.py
[2023-11-04T15:45:01.334+0000] {processor.py:839} INFO - DAG(s) dict_keys(['spark_airflow_dag']) retrieved from /opt/airflow/dags/dag.py
[2023-11-04T15:45:01.394+0000] {logging_mixin.py:151} INFO - [2023-11-04T15:45:01.392+0000] {dag.py:2915} INFO - Sync 1 DAGs
[2023-11-04T15:45:01.424+0000] {logging_mixin.py:151} INFO - [2023-11-04T15:45:01.424+0000] {dag.py:3696} INFO - Setting next_dagrun for spark_airflow_dag to None, run_after=None
[2023-11-04T15:45:01.466+0000] {processor.py:179} INFO - Processing /opt/airflow/dags/dag.py took 0.239 seconds
[2023-11-04T15:45:31.662+0000] {processor.py:157} INFO - Started process (PID=584) to work on /opt/airflow/dags/dag.py
[2023-11-04T15:45:31.664+0000] {processor.py:829} INFO - Processing file /opt/airflow/dags/dag.py for tasks to queue
[2023-11-04T15:45:31.668+0000] {logging_mixin.py:151} INFO - [2023-11-04T15:45:31.667+0000] {dagbag.py:539} INFO - Filling up the DagBag from /opt/airflow/dags/dag.py
[2023-11-04T15:45:31.712+0000] {processor.py:839} INFO - DAG(s) dict_keys(['spark_airflow_dag']) retrieved from /opt/airflow/dags/dag.py
[2023-11-04T15:45:31.742+0000] {logging_mixin.py:151} INFO - [2023-11-04T15:45:31.742+0000] {dag.py:2915} INFO - Sync 1 DAGs
[2023-11-04T15:45:31.758+0000] {logging_mixin.py:151} INFO - [2023-11-04T15:45:31.757+0000] {dag.py:3696} INFO - Setting next_dagrun for spark_airflow_dag to None, run_after=None
[2023-11-04T15:45:31.783+0000] {processor.py:179} INFO - Processing /opt/airflow/dags/dag.py took 0.125 seconds
[2023-11-04T15:46:02.070+0000] {processor.py:157} INFO - Started process (PID=589) to work on /opt/airflow/dags/dag.py
[2023-11-04T15:46:02.072+0000] {processor.py:829} INFO - Processing file /opt/airflow/dags/dag.py for tasks to queue
[2023-11-04T15:46:02.075+0000] {logging_mixin.py:151} INFO - [2023-11-04T15:46:02.075+0000] {dagbag.py:539} INFO - Filling up the DagBag from /opt/airflow/dags/dag.py
[2023-11-04T15:46:02.123+0000] {processor.py:839} INFO - DAG(s) dict_keys(['spark_airflow_dag']) retrieved from /opt/airflow/dags/dag.py
[2023-11-04T15:46:02.156+0000] {logging_mixin.py:151} INFO - [2023-11-04T15:46:02.155+0000] {dag.py:2915} INFO - Sync 1 DAGs
[2023-11-04T15:46:02.170+0000] {logging_mixin.py:151} INFO - [2023-11-04T15:46:02.170+0000] {dag.py:3696} INFO - Setting next_dagrun for spark_airflow_dag to None, run_after=None
[2023-11-04T15:46:02.195+0000] {processor.py:179} INFO - Processing /opt/airflow/dags/dag.py took 0.129 seconds
[2023-11-04T15:46:32.579+0000] {processor.py:157} INFO - Started process (PID=594) to work on /opt/airflow/dags/dag.py
[2023-11-04T15:46:32.581+0000] {processor.py:829} INFO - Processing file /opt/airflow/dags/dag.py for tasks to queue
[2023-11-04T15:46:32.587+0000] {logging_mixin.py:151} INFO - [2023-11-04T15:46:32.587+0000] {dagbag.py:539} INFO - Filling up the DagBag from /opt/airflow/dags/dag.py
[2023-11-04T15:46:32.671+0000] {processor.py:839} INFO - DAG(s) dict_keys(['spark_airflow_dag']) retrieved from /opt/airflow/dags/dag.py
[2023-11-04T15:46:32.736+0000] {logging_mixin.py:151} INFO - [2023-11-04T15:46:32.735+0000] {dag.py:2915} INFO - Sync 1 DAGs
[2023-11-04T15:46:32.776+0000] {logging_mixin.py:151} INFO - [2023-11-04T15:46:32.775+0000] {dag.py:3696} INFO - Setting next_dagrun for spark_airflow_dag to None, run_after=None
[2023-11-04T15:46:32.825+0000] {processor.py:179} INFO - Processing /opt/airflow/dags/dag.py took 0.251 seconds
[2023-11-04T15:47:02.983+0000] {processor.py:157} INFO - Started process (PID=599) to work on /opt/airflow/dags/dag.py
[2023-11-04T15:47:02.985+0000] {processor.py:829} INFO - Processing file /opt/airflow/dags/dag.py for tasks to queue
[2023-11-04T15:47:02.988+0000] {logging_mixin.py:151} INFO - [2023-11-04T15:47:02.988+0000] {dagbag.py:539} INFO - Filling up the DagBag from /opt/airflow/dags/dag.py
[2023-11-04T15:47:03.035+0000] {processor.py:839} INFO - DAG(s) dict_keys(['spark_airflow_dag']) retrieved from /opt/airflow/dags/dag.py
[2023-11-04T15:47:03.069+0000] {logging_mixin.py:151} INFO - [2023-11-04T15:47:03.068+0000] {dag.py:2915} INFO - Sync 1 DAGs
[2023-11-04T15:47:03.096+0000] {logging_mixin.py:151} INFO - [2023-11-04T15:47:03.096+0000] {dag.py:3696} INFO - Setting next_dagrun for spark_airflow_dag to None, run_after=None
[2023-11-04T15:47:03.124+0000] {processor.py:179} INFO - Processing /opt/airflow/dags/dag.py took 0.144 seconds
[2023-11-04T15:47:33.395+0000] {processor.py:157} INFO - Started process (PID=604) to work on /opt/airflow/dags/dag.py
[2023-11-04T15:47:33.397+0000] {processor.py:829} INFO - Processing file /opt/airflow/dags/dag.py for tasks to queue
[2023-11-04T15:47:33.401+0000] {logging_mixin.py:151} INFO - [2023-11-04T15:47:33.401+0000] {dagbag.py:539} INFO - Filling up the DagBag from /opt/airflow/dags/dag.py
[2023-11-04T15:47:33.446+0000] {processor.py:839} INFO - DAG(s) dict_keys(['spark_airflow_dag']) retrieved from /opt/airflow/dags/dag.py
[2023-11-04T15:47:33.479+0000] {logging_mixin.py:151} INFO - [2023-11-04T15:47:33.478+0000] {dag.py:2915} INFO - Sync 1 DAGs
[2023-11-04T15:47:33.493+0000] {logging_mixin.py:151} INFO - [2023-11-04T15:47:33.493+0000] {dag.py:3696} INFO - Setting next_dagrun for spark_airflow_dag to None, run_after=None
[2023-11-04T15:47:33.519+0000] {processor.py:179} INFO - Processing /opt/airflow/dags/dag.py took 0.127 seconds
[2023-11-04T15:48:04.062+0000] {processor.py:157} INFO - Started process (PID=609) to work on /opt/airflow/dags/dag.py
[2023-11-04T15:48:04.063+0000] {processor.py:829} INFO - Processing file /opt/airflow/dags/dag.py for tasks to queue
[2023-11-04T15:48:04.067+0000] {logging_mixin.py:151} INFO - [2023-11-04T15:48:04.066+0000] {dagbag.py:539} INFO - Filling up the DagBag from /opt/airflow/dags/dag.py
[2023-11-04T15:48:04.110+0000] {processor.py:839} INFO - DAG(s) dict_keys(['spark_airflow_dag']) retrieved from /opt/airflow/dags/dag.py
[2023-11-04T15:48:04.139+0000] {logging_mixin.py:151} INFO - [2023-11-04T15:48:04.138+0000] {dag.py:2915} INFO - Sync 1 DAGs
[2023-11-04T15:48:04.154+0000] {logging_mixin.py:151} INFO - [2023-11-04T15:48:04.154+0000] {dag.py:3696} INFO - Setting next_dagrun for spark_airflow_dag to None, run_after=None
[2023-11-04T15:48:04.179+0000] {processor.py:179} INFO - Processing /opt/airflow/dags/dag.py took 0.121 seconds
[2023-11-04T15:48:34.485+0000] {processor.py:157} INFO - Started process (PID=614) to work on /opt/airflow/dags/dag.py
[2023-11-04T15:48:34.487+0000] {processor.py:829} INFO - Processing file /opt/airflow/dags/dag.py for tasks to queue
[2023-11-04T15:48:34.491+0000] {logging_mixin.py:151} INFO - [2023-11-04T15:48:34.490+0000] {dagbag.py:539} INFO - Filling up the DagBag from /opt/airflow/dags/dag.py
[2023-11-04T15:48:34.539+0000] {processor.py:839} INFO - DAG(s) dict_keys(['spark_airflow_dag']) retrieved from /opt/airflow/dags/dag.py
[2023-11-04T15:48:34.579+0000] {logging_mixin.py:151} INFO - [2023-11-04T15:48:34.577+0000] {dag.py:2915} INFO - Sync 1 DAGs
[2023-11-04T15:48:34.602+0000] {logging_mixin.py:151} INFO - [2023-11-04T15:48:34.601+0000] {dag.py:3696} INFO - Setting next_dagrun for spark_airflow_dag to None, run_after=None
[2023-11-04T15:48:34.651+0000] {processor.py:179} INFO - Processing /opt/airflow/dags/dag.py took 0.172 seconds
[2023-11-04T15:49:04.962+0000] {processor.py:157} INFO - Started process (PID=619) to work on /opt/airflow/dags/dag.py
[2023-11-04T15:49:04.964+0000] {processor.py:829} INFO - Processing file /opt/airflow/dags/dag.py for tasks to queue
[2023-11-04T15:49:04.968+0000] {logging_mixin.py:151} INFO - [2023-11-04T15:49:04.967+0000] {dagbag.py:539} INFO - Filling up the DagBag from /opt/airflow/dags/dag.py
[2023-11-04T15:49:05.031+0000] {processor.py:839} INFO - DAG(s) dict_keys(['spark_airflow_dag']) retrieved from /opt/airflow/dags/dag.py
[2023-11-04T15:49:05.073+0000] {logging_mixin.py:151} INFO - [2023-11-04T15:49:05.072+0000] {dag.py:2915} INFO - Sync 1 DAGs
[2023-11-04T15:49:05.094+0000] {logging_mixin.py:151} INFO - [2023-11-04T15:49:05.093+0000] {dag.py:3696} INFO - Setting next_dagrun for spark_airflow_dag to None, run_after=None
[2023-11-04T15:49:05.118+0000] {processor.py:179} INFO - Processing /opt/airflow/dags/dag.py took 0.160 seconds
[2023-11-04T15:49:35.459+0000] {processor.py:157} INFO - Started process (PID=624) to work on /opt/airflow/dags/dag.py
[2023-11-04T15:49:35.462+0000] {processor.py:829} INFO - Processing file /opt/airflow/dags/dag.py for tasks to queue
[2023-11-04T15:49:35.465+0000] {logging_mixin.py:151} INFO - [2023-11-04T15:49:35.465+0000] {dagbag.py:539} INFO - Filling up the DagBag from /opt/airflow/dags/dag.py
[2023-11-04T15:49:35.509+0000] {processor.py:839} INFO - DAG(s) dict_keys(['spark_airflow_dag']) retrieved from /opt/airflow/dags/dag.py
[2023-11-04T15:49:35.542+0000] {logging_mixin.py:151} INFO - [2023-11-04T15:49:35.541+0000] {dag.py:2915} INFO - Sync 1 DAGs
[2023-11-04T15:49:35.558+0000] {logging_mixin.py:151} INFO - [2023-11-04T15:49:35.558+0000] {dag.py:3696} INFO - Setting next_dagrun for spark_airflow_dag to None, run_after=None
[2023-11-04T15:49:35.584+0000] {processor.py:179} INFO - Processing /opt/airflow/dags/dag.py took 0.130 seconds
[2023-11-04T15:50:05.897+0000] {processor.py:157} INFO - Started process (PID=629) to work on /opt/airflow/dags/dag.py
[2023-11-04T15:50:05.899+0000] {processor.py:829} INFO - Processing file /opt/airflow/dags/dag.py for tasks to queue
[2023-11-04T15:50:05.903+0000] {logging_mixin.py:151} INFO - [2023-11-04T15:50:05.903+0000] {dagbag.py:539} INFO - Filling up the DagBag from /opt/airflow/dags/dag.py
[2023-11-04T15:50:05.949+0000] {processor.py:839} INFO - DAG(s) dict_keys(['spark_airflow_dag']) retrieved from /opt/airflow/dags/dag.py
[2023-11-04T15:50:05.985+0000] {logging_mixin.py:151} INFO - [2023-11-04T15:50:05.985+0000] {dag.py:2915} INFO - Sync 1 DAGs
[2023-11-04T15:50:06.000+0000] {logging_mixin.py:151} INFO - [2023-11-04T15:50:06.000+0000] {dag.py:3696} INFO - Setting next_dagrun for spark_airflow_dag to None, run_after=None
[2023-11-04T15:50:06.024+0000] {processor.py:179} INFO - Processing /opt/airflow/dags/dag.py took 0.131 seconds
[2023-11-04T15:50:36.350+0000] {processor.py:157} INFO - Started process (PID=634) to work on /opt/airflow/dags/dag.py
[2023-11-04T15:50:36.352+0000] {processor.py:829} INFO - Processing file /opt/airflow/dags/dag.py for tasks to queue
[2023-11-04T15:50:36.356+0000] {logging_mixin.py:151} INFO - [2023-11-04T15:50:36.355+0000] {dagbag.py:539} INFO - Filling up the DagBag from /opt/airflow/dags/dag.py
[2023-11-04T15:50:36.421+0000] {processor.py:839} INFO - DAG(s) dict_keys(['spark_airflow_dag']) retrieved from /opt/airflow/dags/dag.py
[2023-11-04T15:50:36.467+0000] {logging_mixin.py:151} INFO - [2023-11-04T15:50:36.466+0000] {dag.py:2915} INFO - Sync 1 DAGs
[2023-11-04T15:50:36.484+0000] {logging_mixin.py:151} INFO - [2023-11-04T15:50:36.484+0000] {dag.py:3696} INFO - Setting next_dagrun for spark_airflow_dag to None, run_after=None
[2023-11-04T15:50:36.516+0000] {processor.py:179} INFO - Processing /opt/airflow/dags/dag.py took 0.171 seconds
[2023-11-04T15:51:06.815+0000] {processor.py:157} INFO - Started process (PID=639) to work on /opt/airflow/dags/dag.py
[2023-11-04T15:51:06.817+0000] {processor.py:829} INFO - Processing file /opt/airflow/dags/dag.py for tasks to queue
[2023-11-04T15:51:06.820+0000] {logging_mixin.py:151} INFO - [2023-11-04T15:51:06.820+0000] {dagbag.py:539} INFO - Filling up the DagBag from /opt/airflow/dags/dag.py
[2023-11-04T15:51:06.875+0000] {processor.py:839} INFO - DAG(s) dict_keys(['spark_airflow_dag']) retrieved from /opt/airflow/dags/dag.py
[2023-11-04T15:51:06.907+0000] {logging_mixin.py:151} INFO - [2023-11-04T15:51:06.906+0000] {dag.py:2915} INFO - Sync 1 DAGs
[2023-11-04T15:51:06.923+0000] {logging_mixin.py:151} INFO - [2023-11-04T15:51:06.922+0000] {dag.py:3696} INFO - Setting next_dagrun for spark_airflow_dag to None, run_after=None
[2023-11-04T15:51:06.947+0000] {processor.py:179} INFO - Processing /opt/airflow/dags/dag.py took 0.136 seconds
[2023-11-04T15:51:38.233+0000] {processor.py:157} INFO - Started process (PID=644) to work on /opt/airflow/dags/dag.py
[2023-11-04T15:51:38.237+0000] {processor.py:829} INFO - Processing file /opt/airflow/dags/dag.py for tasks to queue
[2023-11-04T15:51:38.311+0000] {logging_mixin.py:151} INFO - [2023-11-04T15:51:38.310+0000] {dagbag.py:539} INFO - Filling up the DagBag from /opt/airflow/dags/dag.py
[2023-11-04T15:51:40.976+0000] {processor.py:839} INFO - DAG(s) dict_keys(['spark_airflow_dag']) retrieved from /opt/airflow/dags/dag.py
[2023-11-04T15:51:41.238+0000] {logging_mixin.py:151} INFO - [2023-11-04T15:51:41.228+0000] {dag.py:2915} INFO - Sync 1 DAGs
[2023-11-04T15:51:41.365+0000] {logging_mixin.py:151} INFO - [2023-11-04T15:51:41.365+0000] {dag.py:3696} INFO - Setting next_dagrun for spark_airflow_dag to None, run_after=None
[2023-11-04T15:51:43.198+0000] {processor.py:179} INFO - Processing /opt/airflow/dags/dag.py took 5.006 seconds
[2023-11-04T20:21:48.425+0000] {processor.py:157} INFO - Started process (PID=649) to work on /opt/airflow/dags/dag.py
[2023-11-04T20:21:48.428+0000] {processor.py:829} INFO - Processing file /opt/airflow/dags/dag.py for tasks to queue
[2023-11-04T20:21:48.437+0000] {logging_mixin.py:151} INFO - [2023-11-04T20:21:48.436+0000] {dagbag.py:539} INFO - Filling up the DagBag from /opt/airflow/dags/dag.py
[2023-11-04T20:21:48.538+0000] {processor.py:839} INFO - DAG(s) dict_keys(['spark_airflow_dag']) retrieved from /opt/airflow/dags/dag.py
[2023-11-04T20:21:48.656+0000] {logging_mixin.py:151} INFO - [2023-11-04T20:21:48.654+0000] {dag.py:2915} INFO - Sync 1 DAGs
[2023-11-04T20:21:48.697+0000] {logging_mixin.py:151} INFO - [2023-11-04T20:21:48.697+0000] {dag.py:3696} INFO - Setting next_dagrun for spark_airflow_dag to None, run_after=None
[2023-11-04T20:21:48.775+0000] {processor.py:179} INFO - Processing /opt/airflow/dags/dag.py took 0.394 seconds
